<?xml version="1.0" encoding="UTF-8"?>
<coverage generated="1731086731">
  <project timestamp="1731086731">
    <package name="App\Command">
      <file name="/Users/papoel/Documents/sandbox/side_project/GuideNouvelArrivant/src/Command/GenerateDtoCommand.php">
        <class name="App\Command\GenerateDtoCommand" namespace="App\Command">
          <metrics complexity="23" methods="5" coveredmethods="0" conditionals="0" coveredconditionals="0" statements="83" coveredstatements="0" elements="88" coveredelements="0"/>
        </class>
        <line num="18" type="stmt" count="0"/>
        <line num="19" type="stmt" count="0"/>
        <line num="20" type="stmt" count="0"/>
        <line num="26" type="method" name="__construct" visibility="public" complexity="1" crap="2" count="0"/>
        <line num="30" type="stmt" count="0"/>
        <line num="31" type="stmt" count="0"/>
        <line num="34" type="method" name="configure" visibility="protected" complexity="1" crap="2" count="0"/>
        <line num="36" type="stmt" count="0"/>
        <line num="37" type="stmt" count="0"/>
        <line num="38" type="stmt" count="0"/>
        <line num="39" type="stmt" count="0"/>
        <line num="40" type="stmt" count="0"/>
        <line num="41" type="stmt" count="0"/>
        <line num="42" type="stmt" count="0"/>
        <line num="43" type="stmt" count="0"/>
        <line num="44" type="stmt" count="0"/>
        <line num="45" type="stmt" count="0"/>
        <line num="46" type="stmt" count="0"/>
        <line num="49" type="method" name="execute" visibility="protected" complexity="7" crap="56" count="0"/>
        <line num="51" type="stmt" count="0"/>
        <line num="54" type="stmt" count="0"/>
        <line num="55" type="stmt" count="0"/>
        <line num="58" type="stmt" count="0"/>
        <line num="59" type="stmt" count="0"/>
        <line num="60" type="stmt" count="0"/>
        <line num="61" type="stmt" count="0"/>
        <line num="62" type="stmt" count="0"/>
        <line num="63" type="stmt" count="0"/>
        <line num="64" type="stmt" count="0"/>
        <line num="67" type="stmt" count="0"/>
        <line num="70" type="stmt" count="0"/>
        <line num="71" type="stmt" count="0"/>
        <line num="73" type="stmt" count="0"/>
        <line num="77" type="stmt" count="0"/>
        <line num="78" type="stmt" count="0"/>
        <line num="79" type="stmt" count="0"/>
        <line num="80" type="stmt" count="0"/>
        <line num="83" type="stmt" count="0"/>
        <line num="84" type="stmt" count="0"/>
        <line num="85" type="stmt" count="0"/>
        <line num="86" type="stmt" count="0"/>
        <line num="89" type="stmt" count="0"/>
        <line num="92" type="stmt" count="0"/>
        <line num="93" type="stmt" count="0"/>
        <line num="94" type="stmt" count="0"/>
        <line num="97" type="stmt" count="0"/>
        <line num="98" type="stmt" count="0"/>
        <line num="100" type="stmt" count="0"/>
        <line num="102" type="stmt" count="0"/>
        <line num="105" type="method" name="generateDtoCode" visibility="private" complexity="6" crap="42" count="0"/>
        <line num="111" type="stmt" count="0"/>
        <line num="112" type="stmt" count="0"/>
        <line num="115" type="stmt" count="0"/>
        <line num="116" type="stmt" count="0"/>
        <line num="117" type="stmt" count="0"/>
        <line num="121" type="stmt" count="0"/>
        <line num="122" type="stmt" count="0"/>
        <line num="123" type="stmt" count="0"/>
        <line num="124" type="stmt" count="0"/>
        <line num="126" type="stmt" count="0"/>
        <line num="127" type="stmt" count="0"/>
        <line num="128" type="stmt" count="0"/>
        <line num="130" type="stmt" count="0"/>
        <line num="133" type="stmt" count="0"/>
        <line num="134" type="stmt" count="0"/>
        <line num="135" type="stmt" count="0"/>
        <line num="136" type="stmt" count="0"/>
        <line num="137" type="stmt" count="0"/>
        <line num="138" type="stmt" count="0"/>
        <line num="139" type="stmt" count="0"/>
        <line num="143" type="stmt" count="0"/>
        <line num="144" type="stmt" count="0"/>
        <line num="145" type="stmt" count="0"/>
        <line num="146" type="stmt" count="0"/>
        <line num="147" type="stmt" count="0"/>
        <line num="148" type="stmt" count="0"/>
        <line num="150" type="stmt" count="0"/>
        <line num="151" type="stmt" count="0"/>
        <line num="153" type="stmt" count="0"/>
        <line num="155" type="stmt" count="0"/>
        <line num="158" type="method" name="getPropertyType" visibility="private" complexity="8" crap="72" count="0"/>
        <line num="160" type="stmt" count="0"/>
        <line num="161" type="stmt" count="0"/>
        <line num="162" type="stmt" count="0"/>
        <line num="163" type="stmt" count="0"/>
        <line num="164" type="stmt" count="0"/>
        <line num="165" type="stmt" count="0"/>
        <line num="166" type="stmt" count="0"/>
        <line num="167" type="stmt" count="0"/>
        <line num="168" type="stmt" count="0"/>
        <line num="171" type="stmt" count="0"/>
        <metrics loc="174" ncloc="162" classes="1" methods="5" coveredmethods="0" conditionals="0" coveredconditionals="0" statements="86" coveredstatements="0" elements="91" coveredelements="0"/>
      </file>
      <file name="/Users/papoel/Documents/sandbox/side_project/GuideNouvelArrivant/src/Command/GenerateEntityTestsCommand.php">
        <class name="App\Command\GenerateEntityTestsCommand" namespace="App\Command">
          <metrics complexity="75" methods="16" coveredmethods="0" conditionals="0" coveredconditionals="0" statements="203" coveredstatements="0" elements="219" coveredelements="0"/>
        </class>
        <line num="29" type="method" name="__construct" visibility="public" complexity="1" crap="2" count="0"/>
        <line num="33" type="stmt" count="0"/>
        <line num="34" type="stmt" count="0"/>
        <line num="35" type="stmt" count="0"/>
        <line num="38" type="method" name="configure" visibility="protected" complexity="1" crap="2" count="0"/>
        <line num="40" type="stmt" count="0"/>
        <line num="43" type="method" name="execute" visibility="protected" complexity="3" crap="12" count="0"/>
        <line num="46" type="stmt" count="0"/>
        <line num="48" type="stmt" count="0"/>
        <line num="51" type="stmt" count="0"/>
        <line num="54" type="stmt" count="0"/>
        <line num="55" type="stmt" count="0"/>
        <line num="57" type="stmt" count="0"/>
        <line num="58" type="stmt" count="0"/>
        <line num="62" type="stmt" count="0"/>
        <line num="63" type="stmt" count="0"/>
        <line num="64" type="stmt" count="0"/>
        <line num="65" type="stmt" count="0"/>
        <line num="66" type="stmt" count="0"/>
        <line num="68" type="stmt" count="0"/>
        <line num="69" type="stmt" count="0"/>
        <line num="72" type="stmt" count="0"/>
        <line num="75" type="stmt" count="0"/>
        <line num="78" type="stmt" count="0"/>
        <line num="79" type="stmt" count="0"/>
        <line num="80" type="stmt" count="0"/>
        <line num="82" type="stmt" count="0"/>
        <line num="83" type="stmt" count="0"/>
        <line num="86" type="stmt" count="0"/>
        <line num="88" type="stmt" count="0"/>
        <line num="90" type="stmt" count="0"/>
        <line num="93" type="method" name="createEntityTestCaseIfNotExists" visibility="private" complexity="3" crap="12" count="0"/>
        <line num="95" type="stmt" count="0"/>
        <line num="96" type="stmt" count="0"/>
        <line num="97" type="stmt" count="0"/>
        <line num="99" type="stmt" count="0"/>
        <line num="100" type="stmt" count="0"/>
        <line num="103" type="stmt" count="0"/>
        <line num="104" type="stmt" count="0"/>
        <line num="105" type="stmt" count="0"/>
        <line num="109" type="method" name="generateTestContent" visibility="private" complexity="2" crap="6" count="0"/>
        <line num="111" type="stmt" count="0"/>
        <line num="112" type="stmt" count="0"/>
        <line num="115" type="stmt" count="0"/>
        <line num="116" type="stmt" count="0"/>
        <line num="119" type="stmt" count="0"/>
        <line num="122" type="stmt" count="0"/>
        <line num="123" type="stmt" count="0"/>
        <line num="124" type="stmt" count="0"/>
        <line num="125" type="stmt" count="0"/>
        <line num="126" type="stmt" count="0"/>
        <line num="129" type="stmt" count="0"/>
        <line num="133" type="stmt" count="0"/>
        <line num="134" type="stmt" count="0"/>
        <line num="150" type="stmt" count="0"/>
        <line num="151" type="stmt" count="0"/>
        <line num="152" type="stmt" count="0"/>
        <line num="153" type="stmt" count="0"/>
        <line num="154" type="stmt" count="0"/>
        <line num="155" type="stmt" count="0"/>
        <line num="158" type="method" name="generateGetEntityMethod" visibility="private" complexity="4" crap="20" count="0"/>
        <line num="160" type="stmt" count="0"/>
        <line num="161" type="stmt" count="0"/>
        <line num="162" type="stmt" count="0"/>
        <line num="164" type="stmt" count="0"/>
        <line num="166" type="stmt" count="0"/>
        <line num="167" type="stmt" count="0"/>
        <line num="168" type="stmt" count="0"/>
        <line num="171" type="stmt" count="0"/>
        <line num="172" type="stmt" count="0"/>
        <line num="173" type="stmt" count="0"/>
        <line num="174" type="stmt" count="0"/>
        <line num="176" type="stmt" count="0"/>
        <line num="179" type="stmt" count="0"/>
        <line num="182" type="stmt" count="0"/>
        <line num="183" type="stmt" count="0"/>
        <line num="186" type="stmt" count="0"/>
        <line num="187" type="stmt" count="0"/>
        <line num="188" type="stmt" count="0"/>
        <line num="189" type="stmt" count="0"/>
        <line num="190" type="stmt" count="0"/>
        <line num="191" type="stmt" count="0"/>
        <line num="195" type="stmt" count="0"/>
        <line num="197" type="stmt" count="0"/>
        <line num="198" type="stmt" count="0"/>
        <line num="199" type="stmt" count="0"/>
        <line num="200" type="stmt" count="0"/>
        <line num="201" type="stmt" count="0"/>
        <line num="202" type="stmt" count="0"/>
        <line num="203" type="stmt" count="0"/>
        <line num="204" type="stmt" count="0"/>
        <line num="205" type="stmt" count="0"/>
        <line num="208" type="method" name="generateValueBasedOnType" visibility="private" complexity="19" crap="380" count="0"/>
        <line num="211" type="stmt" count="0"/>
        <line num="212" type="stmt" count="0"/>
        <line num="216" type="stmt" count="0"/>
        <line num="217" type="stmt" count="0"/>
        <line num="218" type="stmt" count="0"/>
        <line num="221" type="stmt" count="0"/>
        <line num="222" type="stmt" count="0"/>
        <line num="223" type="stmt" count="0"/>
        <line num="225" type="stmt" count="0"/>
        <line num="228" type="stmt" count="0"/>
        <line num="229" type="stmt" count="0"/>
        <line num="231" type="stmt" count="0"/>
        <line num="232" type="stmt" count="0"/>
        <line num="233" type="stmt" count="0"/>
        <line num="235" type="stmt" count="0"/>
        <line num="238" type="stmt" count="0"/>
        <line num="239" type="stmt" count="0"/>
        <line num="240" type="stmt" count="0"/>
        <line num="241" type="stmt" count="0"/>
        <line num="242" type="stmt" count="0"/>
        <line num="243" type="stmt" count="0"/>
        <line num="244" type="stmt" count="0"/>
        <line num="245" type="stmt" count="0"/>
        <line num="246" type="stmt" count="0"/>
        <line num="247" type="stmt" count="0"/>
        <line num="248" type="stmt" count="0"/>
        <line num="249" type="stmt" count="0"/>
        <line num="250" type="stmt" count="0"/>
        <line num="252" type="stmt" count="0"/>
        <line num="254" type="stmt" count="0"/>
        <line num="257" type="method" name="generateEnumValue" visibility="private" complexity="2" crap="6" count="0"/>
        <line num="260" type="stmt" count="0"/>
        <line num="263" type="stmt" count="0"/>
        <line num="264" type="stmt" count="0"/>
        <line num="266" type="stmt" count="0"/>
        <line num="267" type="stmt" count="0"/>
        <line num="271" type="stmt" count="0"/>
        <line num="273" type="stmt" count="0"/>
        <line num="276" type="method" name="generateStringValue" visibility="private" complexity="12" crap="156" count="0"/>
        <line num="278" type="stmt" count="0"/>
        <line num="279" type="stmt" count="0"/>
        <line num="280" type="stmt" count="0"/>
        <line num="281" type="stmt" count="0"/>
        <line num="282" type="stmt" count="0"/>
        <line num="283" type="stmt" count="0"/>
        <line num="284" type="stmt" count="0"/>
        <line num="285" type="stmt" count="0"/>
        <line num="286" type="stmt" count="0"/>
        <line num="287" type="stmt" count="0"/>
        <line num="288" type="stmt" count="0"/>
        <line num="289" type="stmt" count="0"/>
        <line num="290" type="stmt" count="0"/>
        <line num="292" type="stmt" count="0"/>
        <line num="295" type="method" name="generateArrayValue" visibility="private" complexity="3" crap="12" count="0"/>
        <line num="297" type="stmt" count="0"/>
        <line num="298" type="stmt" count="0"/>
        <line num="299" type="stmt" count="0"/>
        <line num="300" type="stmt" count="0"/>
        <line num="303" type="method" name="generateEntityValidationTest" visibility="private" complexity="1" crap="2" count="0"/>
        <line num="305" type="stmt" count="0"/>
        <line num="306" type="stmt" count="0"/>
        <line num="309" type="stmt" count="0"/>
        <line num="310" type="stmt" count="0"/>
        <line num="311" type="stmt" count="0"/>
        <line num="312" type="stmt" count="0"/>
        <line num="315" type="method" name="generateGetterTest" visibility="private" complexity="1" crap="2" count="0"/>
        <line num="317" type="stmt" count="0"/>
        <line num="318" type="stmt" count="0"/>
        <line num="319" type="stmt" count="0"/>
        <line num="322" type="stmt" count="0"/>
        <line num="323" type="stmt" count="0"/>
        <line num="325" type="stmt" count="0"/>
        <line num="326" type="stmt" count="0"/>
        <line num="331" type="stmt" count="0"/>
        <line num="332" type="stmt" count="0"/>
        <line num="333" type="stmt" count="0"/>
        <line num="334" type="stmt" count="0"/>
        <line num="335" type="stmt" count="0"/>
        <line num="336" type="stmt" count="0"/>
        <line num="339" type="method" name="generateExpectedTestValue" visibility="private" complexity="3" crap="12" count="0"/>
        <line num="342" type="stmt" count="0"/>
        <line num="343" type="stmt" count="0"/>
        <line num="344" type="stmt" count="0"/>
        <line num="347" type="stmt" count="0"/>
        <line num="348" type="stmt" count="0"/>
        <line num="349" type="stmt" count="0"/>
        <line num="350" type="stmt" count="0"/>
        <line num="351" type="stmt" count="0"/>
        <line num="353" type="stmt" count="0"/>
        <line num="356" type="stmt" count="0"/>
        <line num="359" type="method" name="generateFakerValue" visibility="private" complexity="18" crap="342" count="0"/>
        <line num="362" type="stmt" count="0"/>
        <line num="363" type="stmt" count="0"/>
        <line num="364" type="stmt" count="0"/>
        <line num="366" type="stmt" count="0"/>
        <line num="367" type="stmt" count="0"/>
        <line num="369" type="stmt" count="0"/>
        <line num="370" type="stmt" count="0"/>
        <line num="372" type="stmt" count="0"/>
        <line num="373" type="stmt" count="0"/>
        <line num="375" type="stmt" count="0"/>
        <line num="376" type="stmt" count="0"/>
        <line num="378" type="stmt" count="0"/>
        <line num="379" type="stmt" count="0"/>
        <line num="381" type="stmt" count="0"/>
        <line num="382" type="stmt" count="0"/>
        <line num="385" type="stmt" count="0"/>
        <line num="386" type="stmt" count="0"/>
        <line num="387" type="stmt" count="0"/>
        <line num="388" type="stmt" count="0"/>
        <line num="389" type="stmt" count="0"/>
        <line num="390" type="stmt" count="0"/>
        <line num="391" type="stmt" count="0"/>
        <line num="392" type="stmt" count="0"/>
        <line num="393" type="stmt" count="0"/>
        <line num="394" type="stmt" count="0"/>
        <line num="395" type="stmt" count="0"/>
        <line num="396" type="stmt" count="0"/>
        <line num="397" type="stmt" count="0"/>
        <line num="400" type="stmt" count="0"/>
        <line num="402" type="stmt" count="0"/>
        <line num="406" type="method" name="snakeToCamelCase" visibility="private" complexity="1" crap="2" count="0"/>
        <line num="408" type="stmt" count="0"/>
        <line num="411" type="method" name="getEntityTestCaseContent" visibility="private" complexity="1" crap="2" count="0"/>
        <line num="413" type="stmt" count="0"/>
        <line num="470" type="stmt" count="0"/>
        <metrics loc="473" ncloc="449" classes="1" methods="16" coveredmethods="0" conditionals="0" coveredconditionals="0" statements="203" coveredstatements="0" elements="219" coveredelements="0"/>
      </file>
    </package>
    <package name="App\Controller\Admin\Action">
      <file name="/Users/papoel/Documents/sandbox/side_project/GuideNouvelArrivant/src/Controller/Admin/Action/ActionCrudController.php">
        <class name="App\Controller\Admin\Action\ActionCrudController" namespace="App\Controller\Admin\Action">
          <metrics complexity="2" methods="2" coveredmethods="0" conditionals="0" coveredconditionals="0" statements="9" coveredstatements="0" elements="11" coveredelements="0"/>
        </class>
        <line num="15" type="method" name="getEntityFqcn" visibility="public" complexity="1" crap="2" count="0"/>
        <line num="17" type="stmt" count="0"/>
        <line num="20" type="method" name="configureFields" visibility="public" complexity="1" crap="2" count="0"/>
        <line num="22" type="stmt" count="0"/>
        <line num="24" type="stmt" count="0"/>
        <line num="26" type="stmt" count="0"/>
        <line num="27" type="stmt" count="0"/>
        <line num="28" type="stmt" count="0"/>
        <line num="30" type="stmt" count="0"/>
        <line num="32" type="stmt" count="0"/>
        <line num="34" type="stmt" count="0"/>
        <metrics loc="37" ncloc="37" classes="1" methods="2" coveredmethods="0" conditionals="0" coveredconditionals="0" statements="9" coveredstatements="0" elements="11" coveredelements="0"/>
      </file>
    </package>
    <package name="App\Controller\Admin">
      <file name="/Users/papoel/Documents/sandbox/side_project/GuideNouvelArrivant/src/Controller/Admin/DashboardController.php">
        <class name="App\Controller\Admin\DashboardController" namespace="App\Controller\Admin">
          <metrics complexity="6" methods="4" coveredmethods="0" conditionals="0" coveredconditionals="0" statements="57" coveredstatements="0" elements="61" coveredelements="0"/>
        </class>
        <line num="26" type="method" name="__construct" visibility="public" complexity="1" crap="2" count="0"/>
        <line num="33" type="stmt" count="0"/>
        <line num="35" type="method" name="index" visibility="public" complexity="1" crap="2" count="0"/>
        <line num="38" type="stmt" count="0"/>
        <line num="39" type="stmt" count="0"/>
        <line num="40" type="stmt" count="0"/>
        <line num="41" type="stmt" count="0"/>
        <line num="42" type="stmt" count="0"/>
        <line num="44" type="stmt" count="0"/>
        <line num="45" type="stmt" count="0"/>
        <line num="46" type="stmt" count="0"/>
        <line num="47" type="stmt" count="0"/>
        <line num="49" type="stmt" count="0"/>
        <line num="52" type="method" name="configureDashboard" visibility="public" complexity="1" crap="2" count="0"/>
        <line num="54" type="stmt" count="0"/>
        <line num="55" type="stmt" count="0"/>
        <line num="56" type="stmt" count="0"/>
        <line num="57" type="stmt" count="0"/>
        <line num="58" type="stmt" count="0"/>
        <line num="61" type="method" name="configureMenuItems" visibility="public" complexity="3" crap="12" count="0"/>
        <line num="63" type="stmt" count="0"/>
        <line num="66" type="stmt" count="0"/>
        <line num="68" type="stmt" count="0"/>
        <line num="69" type="stmt" count="0"/>
        <line num="70" type="stmt" count="0"/>
        <line num="71" type="stmt" count="0"/>
        <line num="72" type="stmt" count="0"/>
        <line num="73" type="stmt" count="0"/>
        <line num="76" type="stmt" count="0"/>
        <line num="77" type="stmt" count="0"/>
        <line num="78" type="stmt" count="0"/>
        <line num="79" type="stmt" count="0"/>
        <line num="80" type="stmt" count="0"/>
        <line num="83" type="stmt" count="0"/>
        <line num="84" type="stmt" count="0"/>
        <line num="85" type="stmt" count="0"/>
        <line num="86" type="stmt" count="0"/>
        <line num="87" type="stmt" count="0"/>
        <line num="88" type="stmt" count="0"/>
        <line num="89" type="stmt" count="0"/>
        <line num="91" type="stmt" count="0"/>
        <line num="92" type="stmt" count="0"/>
        <line num="93" type="stmt" count="0"/>
        <line num="94" type="stmt" count="0"/>
        <line num="95" type="stmt" count="0"/>
        <line num="96" type="stmt" count="0"/>
        <line num="97" type="stmt" count="0"/>
        <line num="99" type="stmt" count="0"/>
        <line num="100" type="stmt" count="0"/>
        <line num="101" type="stmt" count="0"/>
        <line num="102" type="stmt" count="0"/>
        <line num="103" type="stmt" count="0"/>
        <line num="104" type="stmt" count="0"/>
        <line num="105" type="stmt" count="0"/>
        <line num="107" type="stmt" count="0"/>
        <line num="108" type="stmt" count="0"/>
        <line num="109" type="stmt" count="0"/>
        <line num="110" type="stmt" count="0"/>
        <line num="111" type="stmt" count="0"/>
        <line num="112" type="stmt" count="0"/>
        <line num="113" type="stmt" count="0"/>
        <metrics loc="116" ncloc="112" classes="1" methods="4" coveredmethods="0" conditionals="0" coveredconditionals="0" statements="57" coveredstatements="0" elements="61" coveredelements="0"/>
      </file>
    </package>
    <package name="App\Controller\Admin\Logbook">
      <file name="/Users/papoel/Documents/sandbox/side_project/GuideNouvelArrivant/src/Controller/Admin/Logbook/LogbookCrudController.php">
        <class name="App\Controller\Admin\Logbook\LogbookCrudController" namespace="App\Controller\Admin\Logbook">
          <metrics complexity="3" methods="2" coveredmethods="0" conditionals="0" coveredconditionals="0" statements="10" coveredstatements="0" elements="12" coveredelements="0"/>
        </class>
        <line num="13" type="method" name="getEntityFqcn" visibility="public" complexity="1" crap="2" count="0"/>
        <line num="15" type="stmt" count="0"/>
        <line num="18" type="method" name="configureFields" visibility="public" complexity="2" crap="6" count="0"/>
        <line num="20" type="stmt" count="0"/>
        <line num="21" type="stmt" count="0"/>
        <line num="22" type="stmt" count="0"/>
        <line num="23" type="stmt" count="0"/>
        <line num="24" type="stmt" count="0"/>
        <line num="25" type="stmt" count="0"/>
        <line num="26" type="stmt" count="0"/>
        <line num="27" type="stmt" count="0"/>
        <line num="28" type="stmt" count="0"/>
        <metrics loc="31" ncloc="31" classes="1" methods="2" coveredmethods="0" conditionals="0" coveredconditionals="0" statements="10" coveredstatements="0" elements="12" coveredelements="0"/>
      </file>
    </package>
    <package name="App\Controller\Admin\Module">
      <file name="/Users/papoel/Documents/sandbox/side_project/GuideNouvelArrivant/src/Controller/Admin/Module/ModuleCrudController.php">
        <class name="App\Controller\Admin\Module\ModuleCrudController" namespace="App\Controller\Admin\Module">
          <metrics complexity="3" methods="3" coveredmethods="0" conditionals="0" coveredconditionals="0" statements="9" coveredstatements="0" elements="12" coveredelements="0"/>
        </class>
        <line num="15" type="method" name="getEntityFqcn" visibility="public" complexity="1" crap="2" count="0"/>
        <line num="17" type="stmt" count="0"/>
        <line num="20" type="method" name="configureFields" visibility="public" complexity="1" crap="2" count="0"/>
        <line num="22" type="stmt" count="0"/>
        <line num="23" type="stmt" count="0"/>
        <line num="24" type="stmt" count="0"/>
        <line num="25" type="stmt" count="0"/>
        <line num="27" type="stmt" count="0"/>
        <line num="29" type="stmt" count="0"/>
        <line num="31" type="stmt" count="0"/>
        <line num="35" type="method" name="configureFilters" visibility="public" complexity="1" crap="2" count="0"/>
        <line num="37" type="stmt" count="0"/>
        <metrics loc="40" ncloc="39" classes="1" methods="3" coveredmethods="0" conditionals="0" coveredconditionals="0" statements="9" coveredstatements="0" elements="12" coveredelements="0"/>
      </file>
    </package>
    <package name="App\Controller\Admin\Theme">
      <file name="/Users/papoel/Documents/sandbox/side_project/GuideNouvelArrivant/src/Controller/Admin/Theme/ThemeCrudController.php">
        <class name="App\Controller\Admin\Theme\ThemeCrudController" namespace="App\Controller\Admin\Theme">
          <metrics complexity="2" methods="2" coveredmethods="0" conditionals="0" coveredconditionals="0" statements="8" coveredstatements="0" elements="10" coveredelements="0"/>
        </class>
        <line num="14" type="method" name="getEntityFqcn" visibility="public" complexity="1" crap="2" count="0"/>
        <line num="16" type="stmt" count="0"/>
        <line num="19" type="method" name="configureFields" visibility="public" complexity="1" crap="2" count="0"/>
        <line num="21" type="stmt" count="0"/>
        <line num="22" type="stmt" count="0"/>
        <line num="23" type="stmt" count="0"/>
        <line num="24" type="stmt" count="0"/>
        <line num="26" type="stmt" count="0"/>
        <line num="28" type="stmt" count="0"/>
        <line num="30" type="stmt" count="0"/>
        <metrics loc="33" ncloc="33" classes="1" methods="2" coveredmethods="0" conditionals="0" coveredconditionals="0" statements="8" coveredstatements="0" elements="10" coveredelements="0"/>
      </file>
    </package>
    <package name="App\Controller\Admin\User">
      <file name="/Users/papoel/Documents/sandbox/side_project/GuideNouvelArrivant/src/Controller/Admin/User/UserCrudController.php">
        <class name="App\Controller\Admin\User\UserCrudController" namespace="App\Controller\Admin\User">
          <metrics complexity="15" methods="7" coveredmethods="0" conditionals="0" coveredconditionals="0" statements="149" coveredstatements="0" elements="156" coveredelements="0"/>
        </class>
        <line num="32" type="method" name="__construct" visibility="public" complexity="1" crap="2" count="0"/>
        <line num="35" type="stmt" count="0"/>
        <line num="37" type="method" name="configureFields" visibility="public" complexity="2" crap="6" count="0"/>
        <line num="39" type="stmt" count="0"/>
        <line num="40" type="stmt" count="0"/>
        <line num="41" type="stmt" count="0"/>
        <line num="42" type="stmt" count="0"/>
        <line num="44" type="stmt" count="0"/>
        <line num="45" type="stmt" count="0"/>
        <line num="46" type="stmt" count="0"/>
        <line num="47" type="stmt" count="0"/>
        <line num="49" type="stmt" count="0"/>
        <line num="50" type="stmt" count="0"/>
        <line num="51" type="stmt" count="0"/>
        <line num="52" type="stmt" count="0"/>
        <line num="54" type="stmt" count="0"/>
        <line num="55" type="stmt" count="0"/>
        <line num="56" type="stmt" count="0"/>
        <line num="58" type="stmt" count="0"/>
        <line num="59" type="stmt" count="0"/>
        <line num="60" type="stmt" count="0"/>
        <line num="62" type="stmt" count="0"/>
        <line num="63" type="stmt" count="0"/>
        <line num="64" type="stmt" count="0"/>
        <line num="65" type="stmt" count="0"/>
        <line num="66" type="stmt" count="0"/>
        <line num="68" type="stmt" count="0"/>
        <line num="69" type="stmt" count="0"/>
        <line num="70" type="stmt" count="0"/>
        <line num="71" type="stmt" count="0"/>
        <line num="72" type="stmt" count="0"/>
        <line num="73" type="stmt" count="0"/>
        <line num="74" type="stmt" count="0"/>
        <line num="75" type="stmt" count="0"/>
        <line num="76" type="stmt" count="0"/>
        <line num="77" type="stmt" count="0"/>
        <line num="78" type="stmt" count="0"/>
        <line num="79" type="stmt" count="0"/>
        <line num="80" type="stmt" count="0"/>
        <line num="81" type="stmt" count="0"/>
        <line num="82" type="stmt" count="0"/>
        <line num="83" type="stmt" count="0"/>
        <line num="85" type="stmt" count="0"/>
        <line num="86" type="stmt" count="0"/>
        <line num="87" type="stmt" count="0"/>
        <line num="88" type="stmt" count="0"/>
        <line num="89" type="stmt" count="0"/>
        <line num="90" type="stmt" count="0"/>
        <line num="91" type="stmt" count="0"/>
        <line num="92" type="stmt" count="0"/>
        <line num="93" type="stmt" count="0"/>
        <line num="94" type="stmt" count="0"/>
        <line num="95" type="stmt" count="0"/>
        <line num="96" type="stmt" count="0"/>
        <line num="97" type="stmt" count="0"/>
        <line num="99" type="stmt" count="0"/>
        <line num="100" type="stmt" count="0"/>
        <line num="101" type="stmt" count="0"/>
        <line num="102" type="stmt" count="0"/>
        <line num="103" type="stmt" count="0"/>
        <line num="104" type="stmt" count="0"/>
        <line num="105" type="stmt" count="0"/>
        <line num="106" type="stmt" count="0"/>
        <line num="107" type="stmt" count="0"/>
        <line num="108" type="stmt" count="0"/>
        <line num="109" type="stmt" count="0"/>
        <line num="110" type="stmt" count="0"/>
        <line num="112" type="stmt" count="0"/>
        <line num="113" type="stmt" count="0"/>
        <line num="114" type="stmt" count="0"/>
        <line num="115" type="stmt" count="0"/>
        <line num="117" type="stmt" count="0"/>
        <line num="118" type="stmt" count="0"/>
        <line num="119" type="stmt" count="0"/>
        <line num="120" type="stmt" count="0"/>
        <line num="121" type="stmt" count="0"/>
        <line num="122" type="stmt" count="0"/>
        <line num="123" type="stmt" count="0"/>
        <line num="124" type="stmt" count="0"/>
        <line num="126" type="stmt" count="0"/>
        <line num="127" type="stmt" count="0"/>
        <line num="128" type="stmt" count="0"/>
        <line num="129" type="stmt" count="0"/>
        <line num="130" type="stmt" count="0"/>
        <line num="132" type="stmt" count="0"/>
        <line num="135" type="method" name="getEntityFqcn" visibility="public" complexity="1" crap="2" count="0"/>
        <line num="137" type="stmt" count="0"/>
        <line num="140" type="method" name="configureCrud" visibility="public" complexity="1" crap="2" count="0"/>
        <line num="142" type="stmt" count="0"/>
        <line num="143" type="stmt" count="0"/>
        <line num="145" type="stmt" count="0"/>
        <line num="147" type="stmt" count="0"/>
        <line num="149" type="stmt" count="0"/>
        <line num="151" type="stmt" count="0"/>
        <line num="152" type="stmt" count="0"/>
        <line num="153" type="stmt" count="0"/>
        <line num="154" type="stmt" count="0"/>
        <line num="156" type="stmt" count="0"/>
        <line num="157" type="stmt" count="0"/>
        <line num="158" type="stmt" count="0"/>
        <line num="159" type="stmt" count="0"/>
        <line num="161" type="stmt" count="0"/>
        <line num="162" type="stmt" count="0"/>
        <line num="163" type="stmt" count="0"/>
        <line num="164" type="stmt" count="0"/>
        <line num="166" type="stmt" count="0"/>
        <line num="167" type="stmt" count="0"/>
        <line num="168" type="stmt" count="0"/>
        <line num="169" type="stmt" count="0"/>
        <line num="172" type="method" name="configureActions" visibility="public" complexity="1" crap="2" count="0"/>
        <line num="174" type="stmt" count="0"/>
        <line num="175" type="stmt" count="0"/>
        <line num="176" type="stmt" count="0"/>
        <line num="177" type="stmt" count="0"/>
        <line num="178" type="stmt" count="0"/>
        <line num="180" type="stmt" count="0"/>
        <line num="181" type="stmt" count="0"/>
        <line num="182" type="stmt" count="0"/>
        <line num="183" type="stmt" count="0"/>
        <line num="184" type="stmt" count="0"/>
        <line num="185" type="stmt" count="0"/>
        <line num="186" type="stmt" count="0"/>
        <line num="187" type="stmt" count="0"/>
        <line num="188" type="stmt" count="0"/>
        <line num="191" type="method" name="removeLogbook" visibility="public" complexity="6" crap="42" count="0"/>
        <line num="196" type="stmt" count="0"/>
        <line num="199" type="stmt" count="0"/>
        <line num="201" type="stmt" count="0"/>
        <line num="202" type="stmt" count="0"/>
        <line num="203" type="stmt" count="0"/>
        <line num="204" type="stmt" count="0"/>
        <line num="207" type="stmt" count="0"/>
        <line num="209" type="stmt" count="0"/>
        <line num="210" type="stmt" count="0"/>
        <line num="211" type="stmt" count="0"/>
        <line num="212" type="stmt" count="0"/>
        <line num="213" type="stmt" count="0"/>
        <line num="214" type="stmt" count="0"/>
        <line num="215" type="stmt" count="0"/>
        <line num="216" type="stmt" count="0"/>
        <line num="217" type="stmt" count="0"/>
        <line num="218" type="stmt" count="0"/>
        <line num="219" type="stmt" count="0"/>
        <line num="221" type="stmt" count="0"/>
        <line num="222" type="stmt" count="0"/>
        <line num="223" type="stmt" count="0"/>
        <line num="224" type="stmt" count="0"/>
        <line num="226" type="stmt" count="0"/>
        <line num="232" type="method" name="persistEntity" visibility="public" complexity="3" crap="12" count="0"/>
        <line num="234" type="stmt" count="0"/>
        <line num="235" type="stmt" count="0"/>
        <line num="236" type="stmt" count="0"/>
        <line num="237" type="stmt" count="0"/>
        <line num="238" type="stmt" count="0"/>
        <line num="239" type="stmt" count="0"/>
        <line num="242" type="stmt" count="0"/>
        <metrics loc="245" ncloc="241" classes="1" methods="7" coveredmethods="0" conditionals="0" coveredconditionals="0" statements="149" coveredstatements="0" elements="156" coveredelements="0"/>
      </file>
    </package>
    <package name="App\Controller\App\Dashboard">
      <file name="/Users/papoel/Documents/sandbox/side_project/GuideNouvelArrivant/src/Controller/App/Dashboard/ActionController.php">
        <class name="App\Controller\App\Dashboard\ActionController" namespace="App\Controller\App\Dashboard">
          <metrics complexity="8" methods="3" coveredmethods="0" conditionals="0" coveredconditionals="0" statements="30" coveredstatements="0" elements="33" coveredelements="0"/>
        </class>
        <line num="22" type="method" name="__construct" visibility="public" complexity="1" crap="2" count="0"/>
        <line num="27" type="stmt" count="0"/>
        <line num="29" type="method" name="edit" visibility="public" complexity="5" crap="30" count="0"/>
        <line num="33" type="stmt" count="0"/>
        <line num="34" type="stmt" count="0"/>
        <line num="35" type="stmt" count="0"/>
        <line num="39" type="stmt" count="0"/>
        <line num="40" type="stmt" count="0"/>
        <line num="41" type="stmt" count="0"/>
        <line num="45" type="stmt" count="0"/>
        <line num="48" type="stmt" count="0"/>
        <line num="51" type="stmt" count="0"/>
        <line num="52" type="stmt" count="0"/>
        <line num="55" type="stmt" count="0"/>
        <line num="56" type="stmt" count="0"/>
        <line num="59" type="stmt" count="0"/>
        <line num="63" type="stmt" count="0"/>
        <line num="64" type="stmt" count="0"/>
        <line num="65" type="stmt" count="0"/>
        <line num="66" type="stmt" count="0"/>
        <line num="67" type="stmt" count="0"/>
        <line num="70" type="method" name="delete" visibility="public" complexity="2" crap="6" count="0"/>
        <line num="73" type="stmt" count="0"/>
        <line num="75" type="stmt" count="0"/>
        <line num="76" type="stmt" count="0"/>
        <line num="77" type="stmt" count="0"/>
        <line num="80" type="stmt" count="0"/>
        <line num="81" type="stmt" count="0"/>
        <line num="82" type="stmt" count="0"/>
        <line num="83" type="stmt" count="0"/>
        <line num="84" type="stmt" count="0"/>
        <line num="85" type="stmt" count="0"/>
        <line num="86" type="stmt" count="0"/>
        <metrics loc="89" ncloc="81" classes="1" methods="3" coveredmethods="0" conditionals="0" coveredconditionals="0" statements="30" coveredstatements="0" elements="33" coveredelements="0"/>
      </file>
      <file name="/Users/papoel/Documents/sandbox/side_project/GuideNouvelArrivant/src/Controller/App/Dashboard/DashboardController.php">
        <class name="App\Controller\App\Dashboard\DashboardController" namespace="App\Controller\App\Dashboard">
          <metrics complexity="2" methods="2" coveredmethods="1" conditionals="0" coveredconditionals="0" statements="3" coveredstatements="2" elements="5" coveredelements="3"/>
        </class>
        <line num="20" type="method" name="index" visibility="public" complexity="1" crap="1" count="1"/>
        <line num="24" type="stmt" count="1"/>
        <line num="27" type="stmt" count="1"/>
        <line num="30" type="method" name="pages" visibility="public" complexity="1" crap="2" count="0"/>
        <line num="33" type="stmt" count="0"/>
        <metrics loc="36" ncloc="34" classes="1" methods="2" coveredmethods="1" conditionals="0" coveredconditionals="0" statements="3" coveredstatements="2" elements="5" coveredelements="3"/>
      </file>
    </package>
    <package name="App\Controller\App\Dashboard\Mentor">
      <file name="/Users/papoel/Documents/sandbox/side_project/GuideNouvelArrivant/src/Controller/App/Dashboard/Mentor/MentorDashboardController.php">
        <class name="App\Controller\App\Dashboard\Mentor\MentorDashboardController" namespace="App\Controller\App\Dashboard\Mentor">
          <metrics complexity="5" methods="2" coveredmethods="0" conditionals="0" coveredconditionals="0" statements="16" coveredstatements="0" elements="18" coveredelements="0"/>
        </class>
        <line num="20" type="method" name="__construct" visibility="public" complexity="1" crap="2" count="0"/>
        <line num="25" type="stmt" count="0"/>
        <line num="27" type="method" name="index" visibility="public" complexity="4" crap="20" count="0"/>
        <line num="31" type="stmt" count="0"/>
        <line num="34" type="stmt" count="0"/>
        <line num="35" type="stmt" count="0"/>
        <line num="36" type="stmt" count="0"/>
        <line num="43" type="stmt" count="0"/>
        <line num="46" type="stmt" count="0"/>
        <line num="47" type="stmt" count="0"/>
        <line num="48" type="stmt" count="0"/>
        <line num="49" type="stmt" count="0"/>
        <line num="50" type="stmt" count="0"/>
        <line num="52" type="stmt" count="0"/>
        <line num="56" type="stmt" count="0"/>
        <line num="57" type="stmt" count="0"/>
        <line num="58" type="stmt" count="0"/>
        <line num="59" type="stmt" count="0"/>
        <metrics loc="62" ncloc="54" classes="1" methods="2" coveredmethods="0" conditionals="0" coveredconditionals="0" statements="16" coveredstatements="0" elements="18" coveredelements="0"/>
      </file>
      <file name="/Users/papoel/Documents/sandbox/side_project/GuideNouvelArrivant/src/Controller/App/Dashboard/Mentor/MentorLogbookController.php">
        <class name="App\Controller\App\Dashboard\Mentor\MentorLogbookController" namespace="App\Controller\App\Dashboard\Mentor">
          <metrics complexity="20" methods="6" coveredmethods="0" conditionals="0" coveredconditionals="0" statements="94" coveredstatements="0" elements="100" coveredelements="0"/>
        </class>
        <line num="25" type="method" name="__construct" visibility="public" complexity="1" crap="2" count="0"/>
        <line num="30" type="stmt" count="0"/>
        <line num="32" type="method" name="details" visibility="public" complexity="3" crap="12" count="0"/>
        <line num="37" type="stmt" count="0"/>
        <line num="39" type="stmt" count="0"/>
        <line num="42" type="stmt" count="0"/>
        <line num="43" type="stmt" count="0"/>
        <line num="47" type="stmt" count="0"/>
        <line num="48" type="stmt" count="0"/>
        <line num="51" type="stmt" count="0"/>
        <line num="52" type="stmt" count="0"/>
        <line num="54" type="stmt" count="0"/>
        <line num="55" type="stmt" count="0"/>
        <line num="56" type="stmt" count="0"/>
        <line num="57" type="stmt" count="0"/>
        <line num="58" type="stmt" count="0"/>
        <line num="59" type="stmt" count="0"/>
        <line num="60" type="stmt" count="0"/>
        <line num="63" type="method" name="edit" visibility="public" complexity="5" crap="30" count="0"/>
        <line num="67" type="stmt" count="0"/>
        <line num="69" type="stmt" count="0"/>
        <line num="70" type="stmt" count="0"/>
        <line num="73" type="stmt" count="0"/>
        <line num="74" type="stmt" count="0"/>
        <line num="76" type="stmt" count="0"/>
        <line num="77" type="stmt" count="0"/>
        <line num="79" type="stmt" count="0"/>
        <line num="80" type="stmt" count="0"/>
        <line num="83" type="stmt" count="0"/>
        <line num="86" type="stmt" count="0"/>
        <line num="87" type="stmt" count="0"/>
        <line num="88" type="stmt" count="0"/>
        <line num="90" type="stmt" count="0"/>
        <line num="91" type="stmt" count="0"/>
        <line num="93" type="stmt" count="0"/>
        <line num="95" type="stmt" count="0"/>
        <line num="96" type="stmt" count="0"/>
        <line num="97" type="stmt" count="0"/>
        <line num="98" type="stmt" count="0"/>
        <line num="99" type="stmt" count="0"/>
        <line num="103" type="stmt" count="0"/>
        <line num="104" type="stmt" count="0"/>
        <line num="105" type="stmt" count="0"/>
        <line num="106" type="stmt" count="0"/>
        <line num="109" type="method" name="validate" visibility="public" complexity="5" crap="30" count="0"/>
        <line num="113" type="stmt" count="0"/>
        <line num="115" type="stmt" count="0"/>
        <line num="116" type="stmt" count="0"/>
        <line num="120" type="stmt" count="0"/>
        <line num="121" type="stmt" count="0"/>
        <line num="122" type="stmt" count="0"/>
        <line num="126" type="stmt" count="0"/>
        <line num="127" type="stmt" count="0"/>
        <line num="128" type="stmt" count="0"/>
        <line num="132" type="stmt" count="0"/>
        <line num="133" type="stmt" count="0"/>
        <line num="136" type="stmt" count="0"/>
        <line num="137" type="stmt" count="0"/>
        <line num="140" type="stmt" count="0"/>
        <line num="141" type="stmt" count="0"/>
        <line num="143" type="stmt" count="0"/>
        <line num="146" type="stmt" count="0"/>
        <line num="147" type="stmt" count="0"/>
        <line num="148" type="stmt" count="0"/>
        <line num="149" type="stmt" count="0"/>
        <line num="150" type="stmt" count="0"/>
        <line num="153" type="method" name="invalidate" visibility="public" complexity="3" crap="12" count="0"/>
        <line num="157" type="stmt" count="0"/>
        <line num="159" type="stmt" count="0"/>
        <line num="160" type="stmt" count="0"/>
        <line num="164" type="stmt" count="0"/>
        <line num="165" type="stmt" count="0"/>
        <line num="166" type="stmt" count="0"/>
        <line num="170" type="stmt" count="0"/>
        <line num="172" type="stmt" count="0"/>
        <line num="173" type="stmt" count="0"/>
        <line num="175" type="stmt" count="0"/>
        <line num="176" type="stmt" count="0"/>
        <line num="178" type="stmt" count="0"/>
        <line num="180" type="stmt" count="0"/>
        <line num="181" type="stmt" count="0"/>
        <line num="182" type="stmt" count="0"/>
        <line num="183" type="stmt" count="0"/>
        <line num="184" type="stmt" count="0"/>
        <line num="187" type="method" name="deleteComment" visibility="public" complexity="3" crap="12" count="0"/>
        <line num="191" type="stmt" count="0"/>
        <line num="193" type="stmt" count="0"/>
        <line num="194" type="stmt" count="0"/>
        <line num="197" type="stmt" count="0"/>
        <line num="198" type="stmt" count="0"/>
        <line num="200" type="stmt" count="0"/>
        <line num="201" type="stmt" count="0"/>
        <line num="205" type="stmt" count="0"/>
        <line num="208" type="stmt" count="0"/>
        <line num="209" type="stmt" count="0"/>
        <line num="211" type="stmt" count="0"/>
        <line num="212" type="stmt" count="0"/>
        <line num="213" type="stmt" count="0"/>
        <line num="214" type="stmt" count="0"/>
        <line num="215" type="stmt" count="0"/>
        <metrics loc="218" ncloc="196" classes="1" methods="6" coveredmethods="0" conditionals="0" coveredconditionals="0" statements="94" coveredstatements="0" elements="100" coveredelements="0"/>
      </file>
    </package>
    <package name="App\Controller\App">
      <file name="/Users/papoel/Documents/sandbox/side_project/GuideNouvelArrivant/src/Controller/App/HomeController.php">
        <class name="App\Controller\App\HomeController" namespace="App\Controller\App">
          <metrics complexity="1" methods="1" coveredmethods="1" conditionals="0" coveredconditionals="0" statements="1" coveredstatements="1" elements="2" coveredelements="2"/>
        </class>
        <line num="11" type="method" name="index" visibility="public" complexity="1" crap="1" count="3"/>
        <line num="14" type="stmt" count="3"/>
        <metrics loc="17" ncloc="17" classes="1" methods="1" coveredmethods="1" conditionals="0" coveredconditionals="0" statements="1" coveredstatements="1" elements="2" coveredelements="2"/>
      </file>
    </package>
    <package name="App\Controller\Security">
      <file name="/Users/papoel/Documents/sandbox/side_project/GuideNouvelArrivant/src/Controller/Security/SecurityController.php">
        <class name="App\Controller\Security\SecurityController" namespace="App\Controller\Security">
          <metrics complexity="3" methods="2" coveredmethods="0" conditionals="0" coveredconditionals="0" statements="6" coveredstatements="4" elements="8" coveredelements="4"/>
        </class>
        <line num="12" type="method" name="login" visibility="public" complexity="2" crap="2.03" count="5"/>
        <line num="15" type="stmt" count="5"/>
        <line num="16" type="stmt" count="0"/>
        <line num="20" type="stmt" count="5"/>
        <line num="22" type="stmt" count="5"/>
        <line num="24" type="stmt" count="5"/>
        <line num="27" type="method" name="logout" visibility="public" complexity="1" crap="2" count="0"/>
        <line num="30" type="stmt" count="0"/>
        <metrics loc="33" ncloc="31" classes="1" methods="2" coveredmethods="0" conditionals="0" coveredconditionals="0" statements="6" coveredstatements="4" elements="8" coveredelements="4"/>
      </file>
    </package>
    <package name="App\Entity">
      <file name="/Users/papoel/Documents/sandbox/side_project/GuideNouvelArrivant/src/Entity/Action.php">
        <class name="App\Entity\Action" namespace="App\Entity">
          <metrics complexity="24" methods="24" coveredmethods="24" conditionals="0" coveredconditionals="0" statements="35" coveredstatements="35" elements="59" coveredelements="59"/>
        </class>
        <line num="57" type="method" name="__toString" visibility="public" complexity="1" crap="1" count="2"/>
        <line num="59" type="stmt" count="2"/>
        <line num="62" type="method" name="getId" visibility="public" complexity="1" crap="1" count="6"/>
        <line num="64" type="stmt" count="6"/>
        <line num="67" type="method" name="getDescription" visibility="public" complexity="1" crap="1" count="1"/>
        <line num="69" type="stmt" count="1"/>
        <line num="72" type="method" name="setDescription" visibility="public" complexity="1" crap="1" count="18"/>
        <line num="74" type="stmt" count="18"/>
        <line num="76" type="stmt" count="18"/>
        <line num="79" type="method" name="getAgentComment" visibility="public" complexity="1" crap="1" count="1"/>
        <line num="81" type="stmt" count="1"/>
        <line num="84" type="method" name="setAgentComment" visibility="public" complexity="1" crap="1" count="18"/>
        <line num="86" type="stmt" count="18"/>
        <line num="88" type="stmt" count="18"/>
        <line num="91" type="method" name="getAgentValidatedAt" visibility="public" complexity="1" crap="1" count="1"/>
        <line num="93" type="stmt" count="1"/>
        <line num="96" type="method" name="setAgentValidatedAt" visibility="public" complexity="1" crap="1" count="18"/>
        <line num="98" type="stmt" count="18"/>
        <line num="100" type="stmt" count="18"/>
        <line num="103" type="method" name="getAgentVisa" visibility="public" complexity="1" crap="1" count="1"/>
        <line num="105" type="stmt" count="1"/>
        <line num="108" type="method" name="setAgentVisa" visibility="public" complexity="1" crap="1" count="18"/>
        <line num="110" type="stmt" count="18"/>
        <line num="112" type="stmt" count="18"/>
        <line num="115" type="method" name="getMentorComment" visibility="public" complexity="1" crap="1" count="1"/>
        <line num="117" type="stmt" count="1"/>
        <line num="120" type="method" name="setMentorComment" visibility="public" complexity="1" crap="1" count="18"/>
        <line num="122" type="stmt" count="18"/>
        <line num="124" type="stmt" count="18"/>
        <line num="127" type="method" name="getMentorValidatedAt" visibility="public" complexity="1" crap="1" count="1"/>
        <line num="129" type="stmt" count="1"/>
        <line num="132" type="method" name="setMentorValidatedAt" visibility="public" complexity="1" crap="1" count="18"/>
        <line num="134" type="stmt" count="18"/>
        <line num="136" type="stmt" count="18"/>
        <line num="139" type="method" name="getMentorCommentedAt" visibility="public" complexity="1" crap="1" count="1"/>
        <line num="141" type="stmt" count="1"/>
        <line num="144" type="method" name="setMentorCommentedAt" visibility="public" complexity="1" crap="1" count="18"/>
        <line num="146" type="stmt" count="18"/>
        <line num="148" type="stmt" count="18"/>
        <line num="151" type="method" name="getMentorVisa" visibility="public" complexity="1" crap="1" count="1"/>
        <line num="153" type="stmt" count="1"/>
        <line num="156" type="method" name="setMentorVisa" visibility="public" complexity="1" crap="1" count="18"/>
        <line num="158" type="stmt" count="18"/>
        <line num="160" type="stmt" count="18"/>
        <line num="163" type="method" name="getModule" visibility="public" complexity="1" crap="1" count="5"/>
        <line num="165" type="stmt" count="5"/>
        <line num="168" type="method" name="setModule" visibility="public" complexity="1" crap="1" count="4"/>
        <line num="170" type="stmt" count="4"/>
        <line num="172" type="stmt" count="4"/>
        <line num="175" type="method" name="getUser" visibility="public" complexity="1" crap="1" count="4"/>
        <line num="177" type="stmt" count="4"/>
        <line num="180" type="method" name="setUser" visibility="public" complexity="1" crap="1" count="5"/>
        <line num="182" type="stmt" count="5"/>
        <line num="184" type="stmt" count="5"/>
        <line num="187" type="method" name="getLogbook" visibility="public" complexity="1" crap="1" count="2"/>
        <line num="189" type="stmt" count="2"/>
        <line num="192" type="method" name="setLogbook" visibility="public" complexity="1" crap="1" count="2"/>
        <line num="194" type="stmt" count="2"/>
        <line num="196" type="stmt" count="2"/>
        <metrics loc="199" ncloc="199" classes="1" methods="24" coveredmethods="24" conditionals="0" coveredconditionals="0" statements="35" coveredstatements="35" elements="59" coveredelements="59"/>
      </file>
      <file name="/Users/papoel/Documents/sandbox/side_project/GuideNouvelArrivant/src/Entity/Logbook.php">
        <class name="App\Entity\Logbook" namespace="App\Entity">
          <metrics complexity="19" methods="13" coveredmethods="13" conditionals="0" coveredconditionals="0" statements="26" coveredstatements="26" elements="39" coveredelements="39"/>
        </class>
        <line num="43" type="method" name="__construct" visibility="public" complexity="1" crap="1" count="18"/>
        <line num="45" type="stmt" count="18"/>
        <line num="46" type="stmt" count="18"/>
        <line num="49" type="method" name="__toString" visibility="public" complexity="2" crap="2" count="1"/>
        <line num="51" type="stmt" count="1"/>
        <line num="54" type="method" name="getId" visibility="public" complexity="1" crap="1" count="6"/>
        <line num="56" type="stmt" count="6"/>
        <line num="59" type="method" name="getName" visibility="public" complexity="1" crap="1" count="2"/>
        <line num="61" type="stmt" count="2"/>
        <line num="64" type="method" name="setName" visibility="public" complexity="1" crap="1" count="6"/>
        <line num="66" type="stmt" count="6"/>
        <line num="72" type="method" name="getThemes" visibility="public" complexity="1" crap="1" count="4"/>
        <line num="74" type="stmt" count="4"/>
        <line num="77" type="method" name="addTheme" visibility="public" complexity="2" crap="2" count="2"/>
        <line num="79" type="stmt" count="2"/>
        <line num="80" type="stmt" count="2"/>
        <line num="81" type="stmt" count="2"/>
        <line num="84" type="stmt" count="2"/>
        <line num="87" type="method" name="removeTheme" visibility="public" complexity="2" crap="2" count="2"/>
        <line num="89" type="stmt" count="2"/>
        <line num="90" type="stmt" count="2"/>
        <line num="93" type="stmt" count="2"/>
        <line num="96" type="method" name="getOwner" visibility="public" complexity="1" crap="1" count="5"/>
        <line num="98" type="stmt" count="5"/>
        <line num="101" type="method" name="setOwner" visibility="public" complexity="1" crap="1" count="7"/>
        <line num="103" type="stmt" count="7"/>
        <line num="105" type="stmt" count="7"/>
        <line num="111" type="method" name="getActions" visibility="public" complexity="1" crap="1" count="3"/>
        <line num="113" type="stmt" count="3"/>
        <line num="116" type="method" name="addAction" visibility="public" complexity="2" crap="2" count="1"/>
        <line num="118" type="stmt" count="1"/>
        <line num="119" type="stmt" count="1"/>
        <line num="120" type="stmt" count="1"/>
        <line num="123" type="stmt" count="1"/>
        <line num="126" type="method" name="removeAction" visibility="public" complexity="3" crap="3" count="1"/>
        <line num="128" type="stmt" count="1"/>
        <line num="130" type="stmt" count="1"/>
        <line num="131" type="stmt" count="1"/>
        <line num="135" type="stmt" count="1"/>
        <metrics loc="138" ncloc="125" classes="1" methods="13" coveredmethods="13" conditionals="0" coveredconditionals="0" statements="26" coveredstatements="26" elements="39" coveredelements="39"/>
      </file>
      <file name="/Users/papoel/Documents/sandbox/side_project/GuideNouvelArrivant/src/Entity/Module.php">
        <class name="App\Entity\Module" namespace="App\Entity">
          <metrics complexity="22" methods="13" coveredmethods="13" conditionals="0" coveredconditionals="0" statements="29" coveredstatements="29" elements="42" coveredelements="42"/>
        </class>
        <line num="42" type="method" name="__construct" visibility="public" complexity="1" crap="1" count="19"/>
        <line num="44" type="stmt" count="19"/>
        <line num="47" type="method" name="__toString" visibility="public" complexity="4" crap="4" count="1"/>
        <line num="49" type="stmt" count="1"/>
        <line num="50" type="stmt" count="1"/>
        <line num="51" type="stmt" count="1"/>
        <line num="53" type="stmt" count="1"/>
        <line num="56" type="method" name="getId" visibility="public" complexity="1" crap="1" count="6"/>
        <line num="58" type="stmt" count="6"/>
        <line num="61" type="method" name="getTitle" visibility="public" complexity="1" crap="1" count="3"/>
        <line num="63" type="stmt" count="3"/>
        <line num="66" type="method" name="setTitle" visibility="public" complexity="1" crap="1" count="12"/>
        <line num="68" type="stmt" count="12"/>
        <line num="70" type="stmt" count="12"/>
        <line num="73" type="method" name="getDescription" visibility="public" complexity="1" crap="1" count="2"/>
        <line num="75" type="stmt" count="2"/>
        <line num="78" type="method" name="setDescription" visibility="public" complexity="1" crap="1" count="8"/>
        <line num="80" type="stmt" count="8"/>
        <line num="82" type="stmt" count="8"/>
        <line num="85" type="method" name="getTheme" visibility="public" complexity="1" crap="1" count="4"/>
        <line num="87" type="stmt" count="4"/>
        <line num="90" type="method" name="setTheme" visibility="public" complexity="1" crap="1" count="6"/>
        <line num="92" type="stmt" count="6"/>
        <line num="94" type="stmt" count="6"/>
        <line num="100" type="method" name="getActions" visibility="public" complexity="1" crap="1" count="3"/>
        <line num="102" type="stmt" count="3"/>
        <line num="105" type="method" name="addAction" visibility="public" complexity="2" crap="2" count="3"/>
        <line num="107" type="stmt" count="3"/>
        <line num="108" type="stmt" count="3"/>
        <line num="109" type="stmt" count="3"/>
        <line num="112" type="stmt" count="3"/>
        <line num="115" type="method" name="removeAction" visibility="public" complexity="3" crap="3" count="1"/>
        <line num="117" type="stmt" count="1"/>
        <line num="119" type="stmt" count="1"/>
        <line num="120" type="stmt" count="1"/>
        <line num="124" type="stmt" count="1"/>
        <line num="145" type="method" name="getActionByModuleId" visibility="public" complexity="4" crap="4" count="2"/>
        <line num="147" type="stmt" count="2"/>
        <line num="148" type="stmt" count="1"/>
        <line num="149" type="stmt" count="1"/>
        <line num="150" type="stmt" count="1"/>
        <line num="154" type="stmt" count="2"/>
        <metrics loc="157" ncloc="132" classes="1" methods="13" coveredmethods="13" conditionals="0" coveredconditionals="0" statements="29" coveredstatements="29" elements="42" coveredelements="42"/>
      </file>
      <file name="/Users/papoel/Documents/sandbox/side_project/GuideNouvelArrivant/src/Entity/Theme.php">
        <class name="App\Entity\Theme" namespace="App\Entity">
          <metrics complexity="19" methods="13" coveredmethods="13" conditionals="0" coveredconditionals="0" statements="26" coveredstatements="26" elements="39" coveredelements="39"/>
        </class>
        <line num="44" type="method" name="__construct" visibility="public" complexity="1" crap="1" count="18"/>
        <line num="46" type="stmt" count="18"/>
        <line num="47" type="stmt" count="18"/>
        <line num="50" type="method" name="__toString" visibility="public" complexity="2" crap="2" count="1"/>
        <line num="52" type="stmt" count="1"/>
        <line num="55" type="method" name="getId" visibility="public" complexity="1" crap="1" count="5"/>
        <line num="57" type="stmt" count="5"/>
        <line num="60" type="method" name="getTitle" visibility="public" complexity="1" crap="1" count="5"/>
        <line num="62" type="stmt" count="5"/>
        <line num="65" type="method" name="setTitle" visibility="public" complexity="1" crap="1" count="10"/>
        <line num="67" type="stmt" count="10"/>
        <line num="69" type="stmt" count="10"/>
        <line num="72" type="method" name="getDescription" visibility="public" complexity="1" crap="1" count="4"/>
        <line num="74" type="stmt" count="4"/>
        <line num="77" type="method" name="setDescription" visibility="public" complexity="1" crap="1" count="7"/>
        <line num="79" type="stmt" count="7"/>
        <line num="81" type="stmt" count="7"/>
        <line num="87" type="method" name="getLogbooks" visibility="public" complexity="1" crap="1" count="3"/>
        <line num="89" type="stmt" count="3"/>
        <line num="92" type="method" name="addLogbook" visibility="public" complexity="2" crap="2" count="2"/>
        <line num="94" type="stmt" count="2"/>
        <line num="95" type="stmt" count="2"/>
        <line num="96" type="stmt" count="2"/>
        <line num="99" type="stmt" count="2"/>
        <line num="102" type="method" name="removeLogbook" visibility="public" complexity="2" crap="2" count="2"/>
        <line num="104" type="stmt" count="2"/>
        <line num="105" type="stmt" count="2"/>
        <line num="108" type="stmt" count="2"/>
        <line num="114" type="method" name="getModules" visibility="public" complexity="1" crap="1" count="4"/>
        <line num="116" type="stmt" count="4"/>
        <line num="119" type="method" name="addModule" visibility="public" complexity="2" crap="2" count="2"/>
        <line num="121" type="stmt" count="2"/>
        <line num="122" type="stmt" count="2"/>
        <line num="123" type="stmt" count="2"/>
        <line num="126" type="stmt" count="2"/>
        <line num="129" type="method" name="removeModule" visibility="public" complexity="3" crap="3" count="2"/>
        <line num="132" type="stmt" count="2"/>
        <line num="133" type="stmt" count="1"/>
        <line num="136" type="stmt" count="2"/>
        <metrics loc="139" ncloc="124" classes="1" methods="13" coveredmethods="13" conditionals="0" coveredconditionals="0" statements="26" coveredstatements="26" elements="39" coveredelements="39"/>
      </file>
      <file name="/Users/papoel/Documents/sandbox/side_project/GuideNouvelArrivant/src/Entity/User.php">
        <class name="App\Entity\User" namespace="App\Entity">
          <metrics complexity="51" methods="39" coveredmethods="39" conditionals="0" coveredconditionals="0" statements="82" coveredstatements="82" elements="121" coveredelements="121"/>
        </class>
        <line num="128" type="method" name="__construct" visibility="public" complexity="1" crap="1" count="51"/>
        <line num="130" type="stmt" count="51"/>
        <line num="131" type="stmt" count="51"/>
        <line num="132" type="stmt" count="51"/>
        <line num="135" type="method" name="__toString" visibility="public" complexity="1" crap="1" count="1"/>
        <line num="137" type="stmt" count="1"/>
        <line num="140" type="method" name="getId" visibility="public" complexity="1" crap="1" count="5"/>
        <line num="142" type="stmt" count="5"/>
        <line num="145" type="method" name="getFirstname" visibility="public" complexity="1" crap="1" count="2"/>
        <line num="147" type="stmt" count="2"/>
        <line num="150" type="method" name="setFirstname" visibility="public" complexity="1" crap="1" count="46"/>
        <line num="152" type="stmt" count="46"/>
        <line num="154" type="stmt" count="46"/>
        <line num="157" type="method" name="getLastname" visibility="public" complexity="1" crap="1" count="1"/>
        <line num="159" type="stmt" count="1"/>
        <line num="162" type="method" name="setLastname" visibility="public" complexity="1" crap="1" count="46"/>
        <line num="164" type="stmt" count="46"/>
        <line num="166" type="stmt" count="46"/>
        <line num="169" type="method" name="getEmail" visibility="public" complexity="1" crap="1" count="1"/>
        <line num="171" type="stmt" count="1"/>
        <line num="174" type="method" name="setEmail" visibility="public" complexity="1" crap="1" count="45"/>
        <line num="176" type="stmt" count="45"/>
        <line num="178" type="stmt" count="45"/>
        <line num="186" type="method" name="getUserIdentifier" visibility="public" complexity="1" crap="1" count="4"/>
        <line num="188" type="stmt" count="4"/>
        <line num="196" type="method" name="getRoles" visibility="public" complexity="1" crap="1" count="4"/>
        <line num="198" type="stmt" count="4"/>
        <line num="200" type="stmt" count="4"/>
        <line num="202" type="stmt" count="4"/>
        <line num="208" type="method" name="setRoles" visibility="public" complexity="1" crap="1" count="40"/>
        <line num="210" type="stmt" count="40"/>
        <line num="212" type="stmt" count="40"/>
        <line num="218" type="method" name="getPassword" visibility="public" complexity="1" crap="1" count="6"/>
        <line num="220" type="stmt" count="6"/>
        <line num="223" type="method" name="setPassword" visibility="public" complexity="1" crap="1" count="45"/>
        <line num="225" type="stmt" count="45"/>
        <line num="227" type="stmt" count="45"/>
        <line num="233" type="method" name="eraseCredentials" visibility="public" complexity="1" crap="1" count="4"/>
        <line num="237" type="stmt" count="4"/>
        <line num="239" type="method" name="getLastLoginAt" visibility="public" complexity="1" crap="1" count="1"/>
        <line num="241" type="stmt" count="1"/>
        <line num="244" type="method" name="setLastLoginAt" visibility="public" complexity="1" crap="1" count="40"/>
        <line num="246" type="stmt" count="40"/>
        <line num="248" type="stmt" count="40"/>
        <line num="251" type="method" name="getFullname" visibility="public" complexity="1" crap="1" count="4"/>
        <line num="253" type="stmt" count="4"/>
        <line num="254" type="stmt" count="4"/>
        <line num="256" type="stmt" count="4"/>
        <line num="259" type="method" name="getJob" visibility="public" complexity="1" crap="1" count="1"/>
        <line num="261" type="stmt" count="1"/>
        <line num="264" type="method" name="setJob" visibility="public" complexity="1" crap="1" count="40"/>
        <line num="266" type="stmt" count="40"/>
        <line num="268" type="stmt" count="40"/>
        <line num="271" type="method" name="getJobLabel" visibility="public" complexity="1" crap="1" count="7"/>
        <line num="273" type="stmt" count="7"/>
        <line num="276" type="method" name="getNni" visibility="public" complexity="1" crap="1" count="6"/>
        <line num="278" type="stmt" count="6"/>
        <line num="281" type="method" name="setNni" visibility="public" complexity="1" crap="1" count="48"/>
        <line num="283" type="stmt" count="48"/>
        <line num="285" type="stmt" count="48"/>
        <line num="288" type="method" name="getSpeciality" visibility="public" complexity="1" crap="1" count="1"/>
        <line num="290" type="stmt" count="1"/>
        <line num="293" type="method" name="setSpeciality" visibility="public" complexity="1" crap="1" count="40"/>
        <line num="295" type="stmt" count="40"/>
        <line num="297" type="stmt" count="40"/>
        <line num="300" type="method" name="getSpecialityAbreviation" visibility="public" complexity="1" crap="1" count="2"/>
        <line num="302" type="stmt" count="2"/>
        <line num="305" type="method" name="getSpecialityLabel" visibility="public" complexity="1" crap="1" count="2"/>
        <line num="307" type="stmt" count="2"/>
        <line num="310" type="method" name="getMentor" visibility="public" complexity="1" crap="1" count="3"/>
        <line num="312" type="stmt" count="3"/>
        <line num="315" type="method" name="setMentor" visibility="public" complexity="1" crap="1" count="3"/>
        <line num="317" type="stmt" count="3"/>
        <line num="319" type="stmt" count="3"/>
        <line num="322" type="method" name="getHiringAt" visibility="public" complexity="1" crap="1" count="2"/>
        <line num="324" type="stmt" count="2"/>
        <line num="327" type="method" name="setHiringAt" visibility="public" complexity="1" crap="1" count="40"/>
        <line num="329" type="stmt" count="40"/>
        <line num="331" type="stmt" count="40"/>
        <line num="334" type="method" name="isAdmin" visibility="public" complexity="1" crap="1" count="1"/>
        <line num="336" type="stmt" count="1"/>
        <line num="342" type="method" name="getLogbooks" visibility="public" complexity="1" crap="1" count="5"/>
        <line num="344" type="stmt" count="5"/>
        <line num="347" type="method" name="addLogbook" visibility="public" complexity="2" crap="2" count="3"/>
        <line num="349" type="stmt" count="3"/>
        <line num="350" type="stmt" count="3"/>
        <line num="351" type="stmt" count="3"/>
        <line num="354" type="stmt" count="3"/>
        <line num="357" type="method" name="removeLogbook" visibility="public" complexity="3" crap="3" count="1"/>
        <line num="359" type="stmt" count="1"/>
        <line num="361" type="stmt" count="1"/>
        <line num="362" type="stmt" count="1"/>
        <line num="366" type="stmt" count="1"/>
        <line num="372" type="method" name="getActions" visibility="public" complexity="1" crap="1" count="4"/>
        <line num="374" type="stmt" count="4"/>
        <line num="377" type="method" name="addAction" visibility="public" complexity="2" crap="2" count="3"/>
        <line num="379" type="stmt" count="3"/>
        <line num="380" type="stmt" count="3"/>
        <line num="381" type="stmt" count="3"/>
        <line num="384" type="stmt" count="3"/>
        <line num="387" type="method" name="removeAction" visibility="public" complexity="3" crap="3" count="1"/>
        <line num="389" type="stmt" count="1"/>
        <line num="391" type="stmt" count="1"/>
        <line num="392" type="stmt" count="1"/>
        <line num="396" type="stmt" count="1"/>
        <line num="400" type="method" name="getSeniority" visibility="public" complexity="7" crap="7" count="1"/>
        <line num="402" type="stmt" count="1"/>
        <line num="403" type="stmt" count="1"/>
        <line num="406" type="stmt" count="1"/>
        <line num="407" type="stmt" count="1"/>
        <line num="409" type="stmt" count="1"/>
        <line num="410" type="stmt" count="1"/>
        <line num="411" type="stmt" count="1"/>
        <line num="413" type="stmt" count="1"/>
        <line num="414" type="stmt" count="1"/>
        <line num="415" type="stmt" count="1"/>
        <line num="417" type="stmt" count="1"/>
        <line num="418" type="stmt" count="1"/>
        <line num="420" type="stmt" count="1"/>
        <line num="421" type="stmt" count="1"/>
        <line num="424" type="stmt" count="1"/>
        <metrics loc="427" ncloc="384" classes="1" methods="39" coveredmethods="39" conditionals="0" coveredconditionals="0" statements="82" coveredstatements="82" elements="121" coveredelements="121"/>
      </file>
    </package>
    <package name="App\Entity\Traits">
      <file name="/Users/papoel/Documents/sandbox/side_project/GuideNouvelArrivant/src/Entity/Traits/TimestampTrait.php">
        <class name="App\Entity\Traits\TimestampTrait" namespace="App\Entity\Traits">
          <metrics complexity="6" methods="6" coveredmethods="6" conditionals="0" coveredconditionals="0" statements="10" coveredstatements="10" elements="16" coveredelements="16"/>
        </class>
        <line num="18" type="method" name="getCreatedAt" visibility="public" complexity="1" crap="1" count="3"/>
        <line num="20" type="stmt" count="3"/>
        <line num="23" type="method" name="setCreatedAt" visibility="public" complexity="1" crap="1" count="47"/>
        <line num="25" type="stmt" count="47"/>
        <line num="27" type="stmt" count="47"/>
        <line num="30" type="method" name="getUpdatedAt" visibility="public" complexity="1" crap="1" count="3"/>
        <line num="32" type="stmt" count="3"/>
        <line num="35" type="method" name="setUpdatedAt" visibility="public" complexity="1" crap="1" count="42"/>
        <line num="37" type="stmt" count="42"/>
        <line num="39" type="stmt" count="42"/>
        <line num="42" type="method" name="createdTimestamps" visibility="public" complexity="1" crap="1" count="6"/>
        <line num="45" type="stmt" count="6"/>
        <line num="46" type="stmt" count="6"/>
        <line num="49" type="method" name="updatedTimestamps" visibility="public" complexity="1" crap="1" count="1"/>
        <line num="52" type="stmt" count="1"/>
        <line num="53" type="stmt" count="1"/>
        <metrics loc="56" ncloc="56" classes="1" methods="6" coveredmethods="6" conditionals="0" coveredconditionals="0" statements="10" coveredstatements="10" elements="16" coveredelements="16"/>
      </file>
    </package>
    <package name="App\Enum">
      <file name="/Users/papoel/Documents/sandbox/side_project/GuideNouvelArrivant/src/Enum/JobEnum.php">
        <class name="App\Enum\JobEnum" namespace="App\Enum">
          <metrics complexity="6" methods="1" coveredmethods="1" conditionals="0" coveredconditionals="0" statements="7" coveredstatements="7" elements="8" coveredelements="8"/>
        </class>
        <line num="15" type="method" name="getAbbreviation" visibility="public" complexity="6" crap="6" count="1"/>
        <line num="17" type="stmt" count="1"/>
        <line num="18" type="stmt" count="1"/>
        <line num="19" type="stmt" count="1"/>
        <line num="20" type="stmt" count="1"/>
        <line num="21" type="stmt" count="1"/>
        <line num="22" type="stmt" count="1"/>
        <line num="23" type="stmt" count="1"/>
        <metrics loc="26" ncloc="26" classes="1" methods="1" coveredmethods="1" conditionals="0" coveredconditionals="0" statements="7" coveredstatements="7" elements="8" coveredelements="8"/>
      </file>
      <file name="/Users/papoel/Documents/sandbox/side_project/GuideNouvelArrivant/src/Enum/SpecialityEnum.php">
        <class name="App\Enum\SpecialityEnum" namespace="App\Enum">
          <metrics complexity="6" methods="1" coveredmethods="1" conditionals="0" coveredconditionals="0" statements="7" coveredstatements="7" elements="8" coveredelements="8"/>
        </class>
        <line num="15" type="method" name="getAbbreviation" visibility="public" complexity="6" crap="6" count="3"/>
        <line num="17" type="stmt" count="3"/>
        <line num="18" type="stmt" count="3"/>
        <line num="19" type="stmt" count="1"/>
        <line num="20" type="stmt" count="1"/>
        <line num="21" type="stmt" count="1"/>
        <line num="22" type="stmt" count="3"/>
        <line num="23" type="stmt" count="3"/>
        <metrics loc="26" ncloc="26" classes="1" methods="1" coveredmethods="1" conditionals="0" coveredconditionals="0" statements="7" coveredstatements="7" elements="8" coveredelements="8"/>
      </file>
    </package>
    <package name="App\EventSubscriber">
      <file name="/Users/papoel/Documents/sandbox/side_project/GuideNouvelArrivant/src/EventSubscriber/LogbookCreationSubscriber.php">
        <class name="App\EventSubscriber\LogbookCreationSubscriber" namespace="App\EventSubscriber">
          <metrics complexity="6" methods="3" coveredmethods="0" conditionals="0" coveredconditionals="0" statements="16" coveredstatements="0" elements="19" coveredelements="0"/>
        </class>
        <line num="16" type="method" name="__construct" visibility="public" complexity="1" crap="2" count="0"/>
        <line num="21" type="stmt" count="0"/>
        <line num="23" type="method" name="getSubscribedEvents" visibility="public" complexity="1" crap="2" count="0"/>
        <line num="25" type="stmt" count="0"/>
        <line num="26" type="stmt" count="0"/>
        <line num="27" type="stmt" count="0"/>
        <line num="30" type="method" name="checkExistingLogbook" visibility="public" complexity="4" crap="20" count="0"/>
        <line num="32" type="stmt" count="0"/>
        <line num="34" type="stmt" count="0"/>
        <line num="35" type="stmt" count="0"/>
        <line num="39" type="stmt" count="0"/>
        <line num="40" type="stmt" count="0"/>
        <line num="41" type="stmt" count="0"/>
        <line num="42" type="stmt" count="0"/>
        <line num="45" type="stmt" count="0"/>
        <line num="46" type="stmt" count="0"/>
        <line num="48" type="stmt" count="0"/>
        <line num="51" type="stmt" count="0"/>
        <line num="55" type="stmt" count="0"/>
        <metrics loc="60" ncloc="54" classes="1" methods="3" coveredmethods="0" conditionals="0" coveredconditionals="0" statements="16" coveredstatements="0" elements="19" coveredelements="0"/>
      </file>
      <file name="/Users/papoel/Documents/sandbox/side_project/GuideNouvelArrivant/src/EventSubscriber/LogbookNameSubscriber.php">
        <class name="App\EventSubscriber\LogbookNameSubscriber" namespace="App\EventSubscriber">
          <metrics complexity="10" methods="5" coveredmethods="0" conditionals="0" coveredconditionals="0" statements="24" coveredstatements="0" elements="29" coveredelements="0"/>
        </class>
        <line num="15" type="method" name="__construct" visibility="public" complexity="1" crap="2" count="0"/>
        <line num="18" type="stmt" count="0"/>
        <line num="23" type="method" name="getSubscribedEvents" visibility="public" complexity="1" crap="2" count="0"/>
        <line num="25" type="stmt" count="0"/>
        <line num="26" type="stmt" count="0"/>
        <line num="27" type="stmt" count="0"/>
        <line num="28" type="stmt" count="0"/>
        <line num="31" type="method" name="nameLogbookWithUserFullname" visibility="public" complexity="2" crap="6" count="0"/>
        <line num="33" type="stmt" count="0"/>
        <line num="35" type="stmt" count="0"/>
        <line num="36" type="stmt" count="0"/>
        <line num="39" type="stmt" count="0"/>
        <line num="42" type="method" name="setName" visibility="private" complexity="2" crap="6" count="0"/>
        <line num="44" type="stmt" count="0"/>
        <line num="46" type="stmt" count="0"/>
[...]
        <line num="69" type="stmt" count="1"/>
        <line num="73" type="method" name="calculateLogbooksProgress" visibility="private" complexity="3" crap="4.12" count="1"/>
        <line num="75" type="stmt" count="1"/>
        <line num="76" type="stmt" count="1"/>
        <line num="77" type="stmt" count="0"/>
        <line num="78" type="stmt" count="0"/>
        <line num="80" type="stmt" count="0"/>
        <line num="83" type="stmt" count="1"/>
        <line num="91" type="method" name="getThemesByLogbooks" visibility="private" complexity="3" crap="3.58" count="1"/>
        <line num="93" type="stmt" count="1"/>
        <line num="94" type="stmt" count="1"/>
        <line num="95" type="stmt" count="0"/>
        <line num="96" type="stmt" count="0"/>
        <line num="100" type="stmt" count="1"/>
        <line num="108" type="method" name="getModulesByThemes" visibility="private" complexity="3" crap="3.58" count="1"/>
        <line num="110" type="stmt" count="1"/>
        <line num="111" type="stmt" count="1"/>
        <line num="112" type="stmt" count="0"/>
        <line num="113" type="stmt" count="0"/>
        <line num="117" type="stmt" count="1"/>
        <line num="120" type="method" name="calculateSeniority" visibility="private" complexity="2" crap="2" count="1"/>
        <line num="122" type="stmt" count="1"/>
        <line num="130" type="method" name="getActionsByModulesForUser" visibility="private" complexity="4" crap="6.00" count="1"/>
        <line num="132" type="stmt" count="1"/>
        <line num="134" type="stmt" count="1"/>
        <line num="135" type="stmt" count="0"/>
        <line num="137" type="stmt" count="0"/>
        <line num="138" type="stmt" count="0"/>
        <line num="143" type="stmt" count="1"/>
        <metrics loc="146" ncloc="111" classes="1" methods="8" coveredmethods="4" conditionals="0" coveredconditionals="0" statements="40" coveredstatements="30" elements="48" coveredelements="34"/>
      </file>
    </package>
    <package name="App\Services\Logbook">
      <file name="/Users/papoel/Documents/sandbox/side_project/GuideNouvelArrivant/src/Services/Logbook/LogbookProgressService.php">
        <class name="App\Services\Logbook\LogbookProgressService" namespace="App\Services\Logbook">
          <metrics complexity="22" methods="3" coveredmethods="0" conditionals="0" coveredconditionals="0" statements="52" coveredstatements="0" elements="55" coveredelements="0"/>
        </class>
        <line num="26" type="method" name="calculateLogbookProgress" visibility="public" complexity="13" crap="182" count="0"/>
        <line num="28" type="stmt" count="0"/>
        <line num="29" type="stmt" count="0"/>
        <line num="30" type="stmt" count="0"/>
        <line num="32" type="stmt" count="0"/>
        <line num="33" type="stmt" count="0"/>
        <line num="34" type="stmt" count="0"/>
        <line num="35" type="stmt" count="0"/>
        <line num="36" type="stmt" count="0"/>
        <line num="37" type="stmt" count="0"/>
        <line num="38" type="stmt" count="0"/>
        <line num="39" type="stmt" count="0"/>
        <line num="40" type="stmt" count="0"/>
        <line num="42" type="stmt" count="0"/>
        <line num="43" type="stmt" count="0"/>
        <line num="50" type="stmt" count="0"/>
        <line num="51" type="stmt" count="0"/>
        <line num="54" type="stmt" count="0"/>
        <line num="55" type="stmt" count="0"/>
        <line num="56" type="stmt" count="0"/>
        <line num="57" type="stmt" count="0"/>
        <line num="58" type="stmt" count="0"/>
        <line num="61" type="stmt" count="0"/>
        <line num="62" type="stmt" count="0"/>
        <line num="63" type="stmt" count="0"/>
        <line num="64" type="stmt" count="0"/>
        <line num="65" type="stmt" count="0"/>
        <line num="68" type="stmt" count="0"/>
        <line num="69" type="stmt" count="0"/>
        <line num="70" type="stmt" count="0"/>
        <line num="71" type="stmt" count="0"/>
        <line num="72" type="stmt" count="0"/>
        <line num="73" type="stmt" count="0"/>
        <line num="74" type="stmt" count="0"/>
        <line num="75" type="stmt" count="0"/>
        <line num="76" type="stmt" count="0"/>
        <line num="77" type="stmt" count="0"/>
        <line num="80" type="method" name="findActionForModule" visibility="private" complexity="3" crap="12" count="0"/>
        <line num="82" type="stmt" count="0"/>
        <line num="83" type="stmt" count="0"/>
        <line num="84" type="stmt" count="0"/>
        <line num="88" type="stmt" count="0"/>
        <line num="91" type="method" name="calculateProgress" visibility="public" complexity="6" crap="42" count="0"/>
        <line num="93" type="stmt" count="0"/>
        <line num="94" type="stmt" count="0"/>
        <line num="96" type="stmt" count="0"/>
        <line num="97" type="stmt" count="0"/>
        <line num="98" type="stmt" count="0"/>
        <line num="99" type="stmt" count="0"/>
        <line num="101" type="stmt" count="0"/>
        <line num="102" type="stmt" count="0"/>
        <line num="103" type="stmt" count="0"/>
        <line num="109" type="stmt" count="0"/>
        <line num="110" type="stmt" count="0"/>
        <line num="113" type="stmt" count="0"/>
        <metrics loc="116" ncloc="102" classes="1" methods="3" coveredmethods="0" conditionals="0" coveredconditionals="0" statements="52" coveredstatements="0" elements="55" coveredelements="0"/>
      </file>
      <file name="/Users/papoel/Documents/sandbox/side_project/GuideNouvelArrivant/src/Services/Logbook/LogbookReplacementService.php">
        <class name="App\Services\Logbook\LogbookReplacementService" namespace="App\Services\Logbook">
          <metrics complexity="5" methods="3" coveredmethods="0" conditionals="0" coveredconditionals="0" statements="11" coveredstatements="0" elements="14" coveredelements="0"/>
        </class>
        <line num="12" type="method" name="__construct" visibility="public" complexity="1" crap="2" count="0"/>
        <line num="15" type="stmt" count="0"/>
        <line num="17" type="method" name="handleExistingLogbook" visibility="public" complexity="1" crap="2" count="0"/>
        <line num="19" type="stmt" count="0"/>
        <line num="20" type="stmt" count="0"/>
        <line num="22" type="stmt" count="0"/>
        <line num="25" type="method" name="deleteExistingLogbook" visibility="public" complexity="3" crap="12" count="0"/>
        <line num="27" type="stmt" count="0"/>
        <line num="28" type="stmt" count="0"/>
        <line num="30" type="stmt" count="0"/>
        <line num="31" type="stmt" count="0"/>
        <line num="32" type="stmt" count="0"/>
        <line num="35" type="stmt" count="0"/>
        <line num="36" type="stmt" count="0"/>
        <metrics loc="40" ncloc="40" classes="1" methods="3" coveredmethods="0" conditionals="0" coveredconditionals="0" statements="11" coveredstatements="0" elements="14" coveredelements="0"/>
      </file>
      <file name="/Users/papoel/Documents/sandbox/side_project/GuideNouvelArrivant/src/Services/Logbook/ValidationPendingService.php">
        <class name="App\Services\Logbook\ValidationPendingService" namespace="App\Services\Logbook">
          <metrics complexity="8" methods="3" coveredmethods="0" conditionals="0" coveredconditionals="0" statements="11" coveredstatements="0" elements="14" coveredelements="0"/>
        </class>
        <line num="15" type="method" name="__construct" visibility="public" complexity="1" crap="2" count="0"/>
        <line num="19" type="stmt" count="0"/>
        <line num="26" type="method" name="getPadawanData" visibility="public" complexity="2" crap="6" count="0"/>
        <line num="29" type="stmt" count="0"/>
        <line num="32" type="stmt" count="0"/>
        <line num="33" type="stmt" count="0"/>
        <line num="37" type="stmt" count="0"/>
        <line num="40" type="stmt" count="0"/>
        <line num="51" type="method" name="countPendingActions" visibility="private" complexity="5" crap="30" count="0"/>
        <line num="53" type="stmt" count="0"/>
        <line num="55" type="stmt" count="0"/>
        <line num="57" type="stmt" count="0"/>
        <line num="58" type="stmt" count="0"/>
        <line num="62" type="stmt" count="0"/>
        <metrics loc="65" ncloc="47" classes="1" methods="3" coveredmethods="0" conditionals="0" coveredconditionals="0" statements="11" coveredstatements="0" elements="14" coveredelements="0"/>
      </file>
    </package>
    <package name="App\Services\Mentor">
      <file name="/Users/papoel/Documents/sandbox/side_project/GuideNouvelArrivant/src/Services/Mentor/MentorService.php">
        <class name="App\Services\Mentor\MentorService" namespace="App\Services\Mentor">
          <metrics complexity="16" methods="5" coveredmethods="0" conditionals="0" coveredconditionals="0" statements="42" coveredstatements="0" elements="47" coveredelements="0"/>
        </class>
        <line num="17" type="method" name="__construct" visibility="public" complexity="1" crap="2" count="0"/>
        <line num="22" type="stmt" count="0"/>
        <line num="27" type="method" name="getApprenantLogbooks" visibility="public" complexity="1" crap="2" count="0"/>
        <line num="29" type="stmt" count="0"/>
        <line num="32" type="method" name="isLogbookAccessibleByMentor" visibility="public" complexity="4" crap="20" count="0"/>
        <line num="35" type="stmt" count="0"/>
        <line num="38" type="stmt" count="0"/>
        <line num="39" type="stmt" count="0"/>
        <line num="43" type="stmt" count="0"/>
        <line num="44" type="stmt" count="0"/>
        <line num="46" type="stmt" count="0"/>
        <line num="51" type="stmt" count="0"/>
        <line num="61" type="method" name="getPadawanData" visibility="public" complexity="7" crap="56" count="0"/>
        <line num="64" type="stmt" count="0"/>
        <line num="65" type="stmt" count="0"/>
        <line num="66" type="stmt" count="0"/>
        <line num="70" type="stmt" count="0"/>
        <line num="71" type="stmt" count="0"/>
        <line num="75" type="stmt" count="0"/>
        <line num="78" type="stmt" count="0"/>
        <line num="79" type="stmt" count="0"/>
        <line num="80" type="stmt" count="0"/>
        <line num="81" type="stmt" count="0"/>
        <line num="82" type="stmt" count="0"/>
        <line num="84" type="stmt" count="0"/>
        <line num="85" type="stmt" count="0"/>
        <line num="86" type="stmt" count="0"/>
        <line num="88" type="stmt" count="0"/>
        <line num="89" type="stmt" count="0"/>
        <line num="93" type="stmt" count="0"/>
        <line num="95" type="stmt" count="0"/>
        <line num="96" type="stmt" count="0"/>
        <line num="97" type="stmt" count="0"/>
        <line num="98" type="stmt" count="0"/>
        <line num="99" type="stmt" count="0"/>
        <line num="102" type="method" name="deleteComment" visibility="public" complexity="3" crap="12" count="0"/>
        <line num="105" type="stmt" count="0"/>
        <line num="108" type="stmt" count="0"/>
        <line num="109" type="stmt" count="0"/>
        <line num="113" type="stmt" count="0"/>
        <line num="116" type="stmt" count="0"/>
        <line num="119" type="stmt" count="0"/>
        <line num="120" type="stmt" count="0"/>
        <line num="124" type="stmt" count="0"/>
        <line num="125" type="stmt" count="0"/>
        <line num="127" type="stmt" count="0"/>
        <line num="128" type="stmt" count="0"/>
        <metrics loc="131" ncloc="103" classes="1" methods="5" coveredmethods="0" conditionals="0" coveredconditionals="0" statements="42" coveredstatements="0" elements="47" coveredelements="0"/>
      </file>
    </package>
    <package name="App\Services\User">
      <file name="/Users/papoel/Documents/sandbox/side_project/GuideNouvelArrivant/src/Services/User/UserSeniorityService.php">
        <class name="App\Services\User\UserSeniorityService" namespace="App\Services\User">
          <metrics complexity="11" methods="1" coveredmethods="1" conditionals="0" coveredconditionals="0" statements="13" coveredstatements="13" elements="14" coveredelements="14"/>
        </class>
        <line num="9" type="method" name="getSeniority" visibility="public" complexity="11" crap="11" count="7"/>
        <line num="11" type="stmt" count="7"/>
        <line num="12" type="stmt" count="7"/>
        <line num="14" type="stmt" count="7"/>
        <line num="15" type="stmt" count="7"/>
        <line num="16" type="stmt" count="7"/>
        <line num="18" type="stmt" count="7"/>
        <line num="21" type="stmt" count="7"/>
        <line num="22" type="stmt" count="4"/>
        <line num="26" type="stmt" count="7"/>
        <line num="27" type="stmt" count="4"/>
        <line num="31" type="stmt" count="7"/>
        <line num="32" type="stmt" count="4"/>
        <line num="36" type="stmt" count="7"/>
        <metrics loc="39" ncloc="35" classes="1" methods="1" coveredmethods="1" conditionals="0" coveredconditionals="0" statements="13" coveredstatements="13" elements="14" coveredelements="14"/>
      </file>
      <file name="/Users/papoel/Documents/sandbox/side_project/GuideNouvelArrivant/src/Services/User/UserValidationService.php">
        <class name="App\Services\User\UserValidationService" namespace="App\Services\User">
          <metrics complexity="6" methods="3" coveredmethods="3" conditionals="0" coveredconditionals="0" statements="11" coveredstatements="11" elements="14" coveredelements="14"/>
        </class>
        <line num="20" type="method" name="__construct" visibility="public" complexity="1" crap="1" count="6"/>
        <line num="24" type="stmt" count="6"/>
        <line num="26" type="method" name="validateUserAccess" visibility="public" complexity="2" crap="2" count="3"/>
        <line num="29" type="stmt" count="3"/>
        <line num="31" type="stmt" count="3"/>
        <line num="33" type="stmt" count="1"/>
        <line num="36" type="stmt" count="2"/>
        <line num="39" type="method" name="getCurrentUser" visibility="public" complexity="3" crap="3" count="3"/>
        <line num="42" type="stmt" count="3"/>
        <line num="44" type="stmt" count="3"/>
        <line num="45" type="stmt" count="1"/>
        <line num="49" type="stmt" count="2"/>
        <line num="51" type="stmt" count="1"/>
        <line num="54" type="stmt" count="1"/>
        <metrics loc="57" ncloc="47" classes="1" methods="3" coveredmethods="3" conditionals="0" coveredconditionals="0" statements="11" coveredstatements="11" elements="14" coveredelements="14"/>
      </file>
    </package>
    <package name="App\Twig">
      <file name="/Users/papoel/Documents/sandbox/side_project/GuideNouvelArrivant/src/Twig/AppExtension.php">
        <class name="App\Twig\AppExtension" namespace="App\Twig">
          <metrics complexity="2" methods="2" coveredmethods="0" conditionals="0" coveredconditionals="0" statements="11" coveredstatements="0" elements="13" coveredelements="0"/>
        </class>
        <line num="10" type="method" name="getFilters" visibility="public" complexity="1" crap="2" count="0"/>
        <line num="12" type="stmt" count="0"/>
        <line num="13" type="stmt" count="0"/>
        <line num="14" type="stmt" count="0"/>
        <line num="17" type="method" name="getProgressColor" visibility="public" complexity="1" crap="2" count="0"/>
        <line num="19" type="stmt" count="0"/>
        <line num="20" type="stmt" count="0"/>
        <line num="21" type="stmt" count="0"/>
        <line num="22" type="stmt" count="0"/>
        <line num="23" type="stmt" count="0"/>
        <line num="24" type="stmt" count="0"/>
        <line num="25" type="stmt" count="0"/>
        <line num="27" type="stmt" count="0"/>
        <metrics loc="30" ncloc="30" classes="1" methods="2" coveredmethods="0" conditionals="0" coveredconditionals="0" statements="11" coveredstatements="0" elements="13" coveredelements="0"/>
      </file>
      <file name="/Users/papoel/Documents/sandbox/side_project/GuideNouvelArrivant/src/Twig/LogbooksProgressExtension.php">
        <class name="App\Twig\LogbooksProgressExtension" namespace="App\Twig">
          <metrics complexity="4" methods="3" coveredmethods="1" conditionals="0" coveredconditionals="0" statements="8" coveredstatements="1" elements="11" coveredelements="2"/>
        </class>
        <line num="14" type="method" name="__construct" visibility="public" complexity="1" crap="1" count="17"/>
        <line num="17" type="stmt" count="17"/>
        <line num="19" type="method" name="getFunctions" visibility="public" complexity="1" crap="2" count="0"/>
        <line num="21" type="stmt" count="0"/>
        <line num="22" type="stmt" count="0"/>
        <line num="23" type="stmt" count="0"/>
        <line num="40" type="method" name="getLogbooksProgress" visibility="public" complexity="2" crap="6" count="0"/>
        <line num="42" type="stmt" count="0"/>
        <line num="43" type="stmt" count="0"/>
        <line num="44" type="stmt" count="0"/>
        <line num="47" type="stmt" count="0"/>
        <metrics loc="50" ncloc="36" classes="1" methods="3" coveredmethods="1" conditionals="0" coveredconditionals="0" statements="8" coveredstatements="1" elements="11" coveredelements="2"/>
      </file>
    </package>
    <package name="App\Twig\Components">
      <file name="/Users/papoel/Documents/sandbox/side_project/GuideNouvelArrivant/src/Twig/Components/ActionForm.php">
        <class name="App\Twig\Components\ActionForm" namespace="App\Twig\Components">
          <metrics complexity="10" methods="3" coveredmethods="0" conditionals="0" coveredconditionals="0" statements="28" coveredstatements="0" elements="31" coveredelements="0"/>
        </class>
        <line num="38" type="method" name="__construct" visibility="public" complexity="1" crap="2" count="0"/>
        <line num="41" type="stmt" count="0"/>
        <line num="43" type="method" name="instantiateForm" visibility="protected" complexity="4" crap="20" count="0"/>
        <line num="45" type="stmt" count="0"/>
        <line num="47" type="stmt" count="0"/>
        <line num="49" type="stmt" count="0"/>
        <line num="50" type="stmt" count="0"/>
        <line num="51" type="stmt" count="0"/>
        <line num="54" type="stmt" count="0"/>
        <line num="55" type="stmt" count="0"/>
        <line num="58" type="stmt" count="0"/>
        <line num="59" type="stmt" count="0"/>
        <line num="60" type="stmt" count="0"/>
        <line num="61" type="stmt" count="0"/>
        <line num="64" type="method" name="save" visibility="public" complexity="5" crap="30" count="0"/>
        <line num="68" type="stmt" count="0"/>
        <line num="71" type="stmt" count="0"/>
        <line num="74" type="stmt" count="0"/>
        <line num="75" type="stmt" count="0"/>
        <line num="79" type="stmt" count="0"/>
        <line num="81" type="stmt" count="0"/>
        <line num="82" type="stmt" count="0"/>
        <line num="86" type="stmt" count="0"/>
        <line num="87" type="stmt" count="0"/>
        <line num="90" type="stmt" count="0"/>
        <line num="91" type="stmt" count="0"/>
        <line num="94" type="stmt" count="0"/>
        <line num="95" type="stmt" count="0"/>
        <line num="97" type="stmt" count="0"/>
        <line num="98" type="stmt" count="0"/>
        <line num="99" type="stmt" count="0"/>
        <metrics loc="102" ncloc="95" classes="1" methods="3" coveredmethods="0" conditionals="0" coveredconditionals="0" statements="28" coveredstatements="0" elements="31" coveredelements="0"/>
      </file>
    </package>
    <metrics files="44" loc="4185" ncloc="3758" classes="44" methods="230" coveredmethods="131" conditionals="0" coveredconditionals="0" statements="1302" coveredstatements="319" elements="1532" coveredelements="450"/>
  </project>
</coverage>
