<?xml version="1.0" encoding="UTF-8"?>
<coverage generated="1751044009">
  <project timestamp="1751044009">
    <package name="App\Controller\Admin\Action">
      <file name="/Users/papoel/Documents/sandbox/side_project/GuideNouvelArrivant/src/Controller/Admin/Action/ActionCrudController.php">
        <class name="App\Controller\Admin\Action\ActionCrudController" namespace="App\Controller\Admin\Action">
          <metrics complexity="2" methods="2" coveredmethods="2" conditionals="0" coveredconditionals="0" statements="9" coveredstatements="9" elements="11" coveredelements="11"/>
        </class>
        <line num="15" type="method" name="getEntityFqcn" visibility="public" complexity="1" crap="1" count="1"/>
        <line num="17" type="stmt" count="1"/>
        <line num="20" type="method" name="configureFields" visibility="public" complexity="1" crap="1" count="1"/>
        <line num="22" type="stmt" count="1"/>
        <line num="24" type="stmt" count="1"/>
        <line num="26" type="stmt" count="1"/>
        <line num="27" type="stmt" count="1"/>
        <line num="28" type="stmt" count="1"/>
        <line num="30" type="stmt" count="1"/>
        <line num="32" type="stmt" count="1"/>
        <line num="34" type="stmt" count="1"/>
        <metrics loc="37" ncloc="37" classes="1" methods="2" coveredmethods="2" conditionals="0" coveredconditionals="0" statements="9" coveredstatements="9" elements="11" coveredelements="11"/>
      </file>
    </package>
    <package name="App\Controller\Admin">
      <file name="/Users/papoel/Documents/sandbox/side_project/GuideNouvelArrivant/src/Controller/Admin/DashboardController.php">
        <class name="App\Controller\Admin\DashboardController" namespace="App\Controller\Admin">
          <metrics complexity="7" methods="5" coveredmethods="5" conditionals="0" coveredconditionals="0" statements="61" coveredstatements="61" elements="66" coveredelements="66"/>
        </class>
        <line num="27" type="method" name="__construct" visibility="public" complexity="1" crap="1" count="5"/>
        <line num="34" type="stmt" count="5"/>
        <line num="36" type="method" name="configureAssets" visibility="public" complexity="1" crap="1" count="2"/>
        <line num="38" type="stmt" count="2"/>
        <line num="39" type="stmt" count="2"/>
        <line num="42" type="method" name="index" visibility="public" complexity="1" crap="1" count="1"/>
        <line num="45" type="stmt" count="1"/>
        <line num="46" type="stmt" count="1"/>
        <line num="47" type="stmt" count="1"/>
        <line num="48" type="stmt" count="1"/>
        <line num="49" type="stmt" count="1"/>
        <line num="51" type="stmt" count="1"/>
        <line num="52" type="stmt" count="1"/>
        <line num="53" type="stmt" count="1"/>
        <line num="54" type="stmt" count="1"/>
        <line num="56" type="stmt" count="1"/>
        <line num="59" type="method" name="configureDashboard" visibility="public" complexity="1" crap="1" count="2"/>
        <line num="61" type="stmt" count="2"/>
        <line num="62" type="stmt" count="2"/>
        <line num="63" type="stmt" count="2"/>
        <line num="64" type="stmt" count="2"/>
        <line num="65" type="stmt" count="2"/>
        <line num="68" type="method" name="configureMenuItems" visibility="public" complexity="3" crap="3" count="2"/>
        <line num="70" type="stmt" count="2"/>
        <line num="73" type="stmt" count="2"/>
        <line num="75" type="stmt" count="1"/>
        <line num="76" type="stmt" count="1"/>
        <line num="77" type="stmt" count="1"/>
        <line num="78" type="stmt" count="1"/>
        <line num="79" type="stmt" count="1"/>
        <line num="80" type="stmt" count="1"/>
        <line num="83" type="stmt" count="1"/>
        <line num="84" type="stmt" count="1"/>
        <line num="85" type="stmt" count="1"/>
        <line num="86" type="stmt" count="1"/>
        <line num="87" type="stmt" count="1"/>
        <line num="90" type="stmt" count="2"/>
        <line num="91" type="stmt" count="2"/>
        <line num="92" type="stmt" count="2"/>
        <line num="93" type="stmt" count="2"/>
        <line num="94" type="stmt" count="2"/>
        <line num="95" type="stmt" count="2"/>
        <line num="97" type="stmt" count="2"/>
        <line num="98" type="stmt" count="2"/>
        <line num="99" type="stmt" count="2"/>
        <line num="100" type="stmt" count="2"/>
        <line num="101" type="stmt" count="2"/>
        <line num="102" type="stmt" count="2"/>
        <line num="104" type="stmt" count="2"/>
        <line num="105" type="stmt" count="2"/>
        <line num="106" type="stmt" count="2"/>
        <line num="107" type="stmt" count="2"/>
        <line num="108" type="stmt" count="2"/>
        <line num="109" type="stmt" count="2"/>
        <line num="111" type="stmt" count="2"/>
        <line num="112" type="stmt" count="2"/>
        <line num="113" type="stmt" count="2"/>
        <line num="114" type="stmt" count="2"/>
        <line num="115" type="stmt" count="2"/>
        <line num="116" type="stmt" count="2"/>
        <line num="119" type="stmt" count="2"/>
        <line num="120" type="stmt" count="2"/>
        <line num="121" type="stmt" count="2"/>
        <line num="122" type="stmt" count="2"/>
        <line num="123" type="stmt" count="2"/>
        <line num="124" type="stmt" count="2"/>
        <metrics loc="127" ncloc="122" classes="1" methods="5" coveredmethods="5" conditionals="0" coveredconditionals="0" statements="61" coveredstatements="61" elements="66" coveredelements="66"/>
      </file>
      <file name="/Users/papoel/Documents/sandbox/side_project/GuideNouvelArrivant/src/Controller/Admin/ProgressController.php">
        <class name="App\Controller\Admin\ProgressController" namespace="App\Controller\Admin">
          <metrics complexity="9" methods="4" coveredmethods="0" conditionals="0" coveredconditionals="0" statements="63" coveredstatements="0" elements="67" coveredelements="0"/>
        </class>
        <line num="23" type="method" name="__construct" visibility="public" complexity="1" crap="2" count="0"/>
        <line num="26" type="stmt" count="0"/>
        <line num="31" type="method" name="dashboard" visibility="public" complexity="2" crap="6" count="0"/>
        <line num="35" type="stmt" count="0"/>
        <line num="36" type="stmt" count="0"/>
        <line num="38" type="stmt" count="0"/>
        <line num="39" type="stmt" count="0"/>
        <line num="42" type="stmt" count="0"/>
        <line num="45" type="stmt" count="0"/>
        <line num="47" type="stmt" count="0"/>
        <line num="48" type="stmt" count="0"/>
        <line num="49" type="stmt" count="0"/>
        <line num="50" type="stmt" count="0"/>
        <line num="51" type="stmt" count="0"/>
        <line num="52" type="stmt" count="0"/>
        <line num="53" type="stmt" count="0"/>
        <line num="59" type="method" name="userProgressDetails" visibility="public" complexity="3" crap="12" count="0"/>
        <line num="67" type="stmt" count="0"/>
        <line num="69" type="stmt" count="0"/>
        <line num="70" type="stmt" count="0"/>
        <line num="74" type="stmt" count="0"/>
        <line num="76" type="stmt" count="0"/>
        <line num="77" type="stmt" count="0"/>
        <line num="79" type="stmt" count="0"/>
        <line num="82" type="stmt" count="0"/>
        <line num="84" type="stmt" count="0"/>
        <line num="85" type="stmt" count="0"/>
        <line num="86" type="stmt" count="0"/>
        <line num="87" type="stmt" count="0"/>
        <line num="88" type="stmt" count="0"/>
        <line num="94" type="method" name="generateWorkbook" visibility="public" complexity="3" crap="12" count="0"/>
        <line num="102" type="stmt" count="0"/>
        <line num="104" type="stmt" count="0"/>
        <line num="105" type="stmt" count="0"/>
        <line num="109" type="stmt" count="0"/>
        <line num="111" type="stmt" count="0"/>
        <line num="112" type="stmt" count="0"/>
        <line num="114" type="stmt" count="0"/>
        <line num="117" type="stmt" count="0"/>
        <line num="120" type="stmt" count="0"/>
        <line num="121" type="stmt" count="0"/>
        <line num="122" type="stmt" count="0"/>
        <line num="123" type="stmt" count="0"/>
        <line num="125" type="stmt" count="0"/>
        <line num="128" type="stmt" count="0"/>
        <line num="129" type="stmt" count="0"/>
        <line num="130" type="stmt" count="0"/>
        <line num="131" type="stmt" count="0"/>
        <line num="132" type="stmt" count="0"/>
        <line num="133" type="stmt" count="0"/>
        <line num="135" type="stmt" count="0"/>
        <line num="139" type="stmt" count="0"/>
        <line num="142" type="stmt" count="0"/>
        <line num="145" type="stmt" count="0"/>
        <line num="146" type="stmt" count="0"/>
        <line num="147" type="stmt" count="0"/>
        <line num="148" type="stmt" count="0"/>
        <line num="149" type="stmt" count="0"/>
        <line num="150" type="stmt" count="0"/>
        <line num="153" type="stmt" count="0"/>
        <line num="154" type="stmt" count="0"/>
        <line num="155" type="stmt" count="0"/>
        <line num="156" type="stmt" count="0"/>
        <line num="157" type="stmt" count="0"/>
        <line num="158" type="stmt" count="0"/>
        <line num="159" type="stmt" count="0"/>
        <line num="160" type="stmt" count="0"/>
        <metrics loc="163" ncloc="139" classes="1" methods="4" coveredmethods="0" conditionals="0" coveredconditionals="0" statements="63" coveredstatements="0" elements="67" coveredelements="0"/>
      </file>
    </package>
    <package name="App\Controller\Admin\Logbook">
      <file name="/Users/papoel/Documents/sandbox/side_project/GuideNouvelArrivant/src/Controller/Admin/Logbook/LogbookCrudController.php">
        <class name="App\Controller\Admin\Logbook\LogbookCrudController" namespace="App\Controller\Admin\Logbook">
          <metrics complexity="3" methods="2" coveredmethods="2" conditionals="0" coveredconditionals="0" statements="10" coveredstatements="10" elements="12" coveredelements="12"/>
        </class>
        <line num="13" type="method" name="getEntityFqcn" visibility="public" complexity="1" crap="1" count="1"/>
        <line num="15" type="stmt" count="1"/>
        <line num="18" type="method" name="configureFields" visibility="public" complexity="2" crap="2" count="2"/>
        <line num="20" type="stmt" count="2"/>
        <line num="21" type="stmt" count="2"/>
        <line num="22" type="stmt" count="2"/>
        <line num="23" type="stmt" count="2"/>
        <line num="24" type="stmt" count="2"/>
        <line num="25" type="stmt" count="2"/>
        <line num="26" type="stmt" count="2"/>
        <line num="27" type="stmt" count="2"/>
        <line num="28" type="stmt" count="2"/>
        <metrics loc="31" ncloc="31" classes="1" methods="2" coveredmethods="2" conditionals="0" coveredconditionals="0" statements="10" coveredstatements="10" elements="12" coveredelements="12"/>
      </file>
    </package>
    <package name="App\Controller\Admin\Module">
      <file name="/Users/papoel/Documents/sandbox/side_project/GuideNouvelArrivant/src/Controller/Admin/Module/ModuleCrudController.php">
        <class name="App\Controller\Admin\Module\ModuleCrudController" namespace="App\Controller\Admin\Module">
          <metrics complexity="3" methods="3" coveredmethods="2" conditionals="0" coveredconditionals="0" statements="9" coveredstatements="8" elements="12" coveredelements="10"/>
        </class>
        <line num="15" type="method" name="getEntityFqcn" visibility="public" complexity="1" crap="1" count="1"/>
        <line num="17" type="stmt" count="1"/>
        <line num="20" type="method" name="configureFields" visibility="public" complexity="1" crap="1" count="1"/>
        <line num="22" type="stmt" count="1"/>
        <line num="23" type="stmt" count="1"/>
        <line num="24" type="stmt" count="1"/>
        <line num="25" type="stmt" count="1"/>
        <line num="27" type="stmt" count="1"/>
        <line num="29" type="stmt" count="1"/>
        <line num="31" type="stmt" count="1"/>
        <line num="35" type="method" name="configureFilters" visibility="public" complexity="1" crap="2" count="0"/>
        <line num="37" type="stmt" count="0"/>
        <metrics loc="40" ncloc="39" classes="1" methods="3" coveredmethods="2" conditionals="0" coveredconditionals="0" statements="9" coveredstatements="8" elements="12" coveredelements="10"/>
      </file>
    </package>
    <package name="App\Controller\Admin\Theme">
      <file name="/Users/papoel/Documents/sandbox/side_project/GuideNouvelArrivant/src/Controller/Admin/Theme/ThemeCrudController.php">
        <class name="App\Controller\Admin\Theme\ThemeCrudController" namespace="App\Controller\Admin\Theme">
          <metrics complexity="2" methods="2" coveredmethods="2" conditionals="0" coveredconditionals="0" statements="8" coveredstatements="8" elements="10" coveredelements="10"/>
        </class>
        <line num="14" type="method" name="getEntityFqcn" visibility="public" complexity="1" crap="1" count="1"/>
        <line num="16" type="stmt" count="1"/>
        <line num="19" type="method" name="configureFields" visibility="public" complexity="1" crap="1" count="1"/>
        <line num="21" type="stmt" count="1"/>
        <line num="22" type="stmt" count="1"/>
        <line num="23" type="stmt" count="1"/>
        <line num="24" type="stmt" count="1"/>
        <line num="26" type="stmt" count="1"/>
        <line num="28" type="stmt" count="1"/>
        <line num="30" type="stmt" count="1"/>
        <metrics loc="33" ncloc="33" classes="1" methods="2" coveredmethods="2" conditionals="0" coveredconditionals="0" statements="8" coveredstatements="8" elements="10" coveredelements="10"/>
      </file>
    </package>
    <package name="App\Controller\Admin\User">
      <file name="/Users/papoel/Documents/sandbox/side_project/GuideNouvelArrivant/src/Controller/Admin/User/UserCrudController.php">
        <class name="App\Controller\Admin\User\UserCrudController" namespace="App\Controller\Admin\User">
          <metrics complexity="18" methods="9" coveredmethods="3" conditionals="0" coveredconditionals="0" statements="170" coveredstatements="110" elements="179" coveredelements="113"/>
        </class>
        <line num="34" type="method" name="__construct" visibility="public" complexity="1" crap="1" count="15"/>
        <line num="38" type="stmt" count="15"/>
        <line num="40" type="method" name="getEntityFqcn" visibility="public" complexity="1" crap="1" count="1"/>
        <line num="42" type="stmt" count="1"/>
        <line num="45" type="method" name="configureFields" visibility="public" complexity="3" crap="3" count="15"/>
        <line num="47" type="stmt" count="15"/>
        <line num="48" type="stmt" count="15"/>
        <line num="49" type="stmt" count="15"/>
        <line num="50" type="stmt" count="15"/>
        <line num="52" type="stmt" count="15"/>
        <line num="53" type="stmt" count="15"/>
        <line num="54" type="stmt" count="15"/>
        <line num="55" type="stmt" count="15"/>
        <line num="57" type="stmt" count="15"/>
        <line num="58" type="stmt" count="15"/>
        <line num="59" type="stmt" count="15"/>
        <line num="60" type="stmt" count="15"/>
        <line num="62" type="stmt" count="15"/>
        <line num="63" type="stmt" count="15"/>
        <line num="64" type="stmt" count="15"/>
        <line num="66" type="stmt" count="15"/>
        <line num="67" type="stmt" count="15"/>
        <line num="68" type="stmt" count="15"/>
        <line num="70" type="stmt" count="15"/>
        <line num="71" type="stmt" count="15"/>
        <line num="72" type="stmt" count="15"/>
        <line num="73" type="stmt" count="15"/>
        <line num="74" type="stmt" count="15"/>
        <line num="76" type="stmt" count="15"/>
        <line num="77" type="stmt" count="15"/>
        <line num="78" type="stmt" count="15"/>
        <line num="79" type="stmt" count="15"/>
        <line num="80" type="stmt" count="15"/>
        <line num="81" type="stmt" count="15"/>
        <line num="82" type="stmt" count="15"/>
        <line num="83" type="stmt" count="15"/>
        <line num="84" type="stmt" count="15"/>
        <line num="85" type="stmt" count="15"/>
        <line num="86" type="stmt" count="15"/>
        <line num="87" type="stmt" count="15"/>
        <line num="88" type="stmt" count="15"/>
        <line num="89" type="stmt" count="15"/>
        <line num="90" type="stmt" count="15"/>
        <line num="91" type="stmt" count="15"/>
        <line num="93" type="stmt" count="15"/>
        <line num="94" type="stmt" count="15"/>
        <line num="95" type="stmt" count="15"/>
        <line num="96" type="stmt" count="15"/>
        <line num="97" type="stmt" count="15"/>
        <line num="98" type="stmt" count="15"/>
        <line num="99" type="stmt" count="15"/>
        <line num="100" type="stmt" count="15"/>
        <line num="101" type="stmt" count="15"/>
        <line num="102" type="stmt" count="15"/>
        <line num="103" type="stmt" count="15"/>
        <line num="104" type="stmt" count="15"/>
        <line num="105" type="stmt" count="15"/>
        <line num="107" type="stmt" count="15"/>
        <line num="108" type="stmt" count="15"/>
        <line num="109" type="stmt" count="15"/>
        <line num="110" type="stmt" count="15"/>
        <line num="111" type="stmt" count="15"/>
        <line num="112" type="stmt" count="15"/>
        <line num="113" type="stmt" count="15"/>
        <line num="114" type="stmt" count="15"/>
        <line num="115" type="stmt" count="15"/>
        <line num="116" type="stmt" count="15"/>
        <line num="117" type="stmt" count="15"/>
        <line num="118" type="stmt" count="15"/>
        <line num="119" type="stmt" count="15"/>
        <line num="121" type="stmt" count="15"/>
        <line num="122" type="stmt" count="15"/>
        <line num="123" type="stmt" count="15"/>
        <line num="124" type="stmt" count="15"/>
        <line num="126" type="stmt" count="15"/>
        <line num="127" type="stmt" count="15"/>
        <line num="128" type="stmt" count="15"/>
        <line num="129" type="stmt" count="15"/>
        <line num="130" type="stmt" count="15"/>
        <line num="131" type="stmt" count="15"/>
        <line num="132" type="stmt" count="15"/>
        <line num="133" type="stmt" count="0"/>
        <line num="134" type="stmt" count="0"/>
        <line num="135" type="stmt" count="0"/>
        <line num="136" type="stmt" count="15"/>
        <line num="137" type="stmt" count="15"/>
        <line num="138" type="stmt" count="15"/>
        <line num="140" type="stmt" count="15"/>
        <line num="141" type="stmt" count="15"/>
        <line num="142" type="stmt" count="15"/>
        <line num="143" type="stmt" count="15"/>
        <line num="144" type="stmt" count="15"/>
        <line num="146" type="stmt" count="15"/>
        <line num="149" type="method" name="configureCrud" visibility="public" complexity="1" crap="1" count="7"/>
        <line num="151" type="stmt" count="7"/>
        <line num="152" type="stmt" count="7"/>
        <line num="153" type="stmt" count="7"/>
        <line num="154" type="stmt" count="7"/>
        <line num="155" type="stmt" count="7"/>
        <line num="156" type="stmt" count="7"/>
        <line num="157" type="stmt" count="7"/>
        <line num="158" type="stmt" count="7"/>
        <line num="159" type="stmt" count="7"/>
        <line num="160" type="stmt" count="7"/>
        <line num="161" type="stmt" count="7"/>
        <line num="162" type="stmt" count="7"/>
        <line num="163" type="stmt" count="7"/>
        <line num="164" type="stmt" count="7"/>
        <line num="165" type="stmt" count="7"/>
        <line num="166" type="stmt" count="7"/>
        <line num="167" type="stmt" count="7"/>
        <line num="168" type="stmt" count="7"/>
        <line num="169" type="stmt" count="7"/>
        <line num="170" type="stmt" count="7"/>
        <line num="171" type="stmt" count="7"/>
        <line num="173" type="stmt" count="7"/>
        <line num="174" type="stmt" count="7"/>
        <line num="177" type="method" name="configureActions" visibility="public" complexity="3" crap="12" count="0"/>
        <line num="182" type="stmt" count="0"/>
        <line num="183" type="stmt" count="0"/>
        <line num="186" type="stmt" count="0"/>
        <line num="187" type="stmt" count="0"/>
        <line num="188" type="stmt" count="0"/>
        <line num="189" type="stmt" count="0"/>
        <line num="190" type="stmt" count="0"/>
        <line num="191" type="stmt" count="0"/>
        <line num="192" type="stmt" count="0"/>
        <line num="195" type="stmt" count="0"/>
        <line num="196" type="stmt" count="0"/>
        <line num="197" type="stmt" count="0"/>
        <line num="198" type="stmt" count="0"/>
        <line num="199" type="stmt" count="0"/>
        <line num="200" type="stmt" count="0"/>
        <line num="201" type="stmt" count="0"/>
        <line num="203" type="stmt" count="0"/>
        <line num="204" type="stmt" count="0"/>
        <line num="205" type="stmt" count="0"/>
        <line num="206" type="stmt" count="0"/>
        <line num="207" type="stmt" count="0"/>
        <line num="208" type="stmt" count="0"/>
        <line num="210" type="stmt" count="0"/>
        <line num="211" type="stmt" count="0"/>
        <line num="212" type="stmt" count="0"/>
        <line num="213" type="stmt" count="0"/>
        <line num="214" type="stmt" count="0"/>
        <line num="215" type="stmt" count="0"/>
        <line num="217" type="stmt" count="0"/>
        <line num="218" type="stmt" count="0"/>
        <line num="219" type="stmt" count="0"/>
        <line num="220" type="stmt" count="0"/>
        <line num="223" type="method" name="deleteUserOnly" visibility="public" complexity="2" crap="6" count="0"/>
        <line num="228" type="stmt" count="0"/>
        <line num="231" type="stmt" count="0"/>
        <line num="232" type="stmt" count="0"/>
        <line num="233" type="stmt" count="0"/>
        <line num="234" type="stmt" count="0"/>
        <line num="237" type="stmt" count="0"/>
        <line num="240" type="method" name="deleteAll" visibility="public" complexity="2" crap="6" count="0"/>
        <line num="245" type="stmt" count="0"/>
        <line num="248" type="stmt" count="0"/>
        <line num="249" type="stmt" count="0"/>
        <line num="250" type="stmt" count="0"/>
        <line num="251" type="stmt" count="0"/>
        <line num="254" type="stmt" count="0"/>
        <line num="257" type="method" name="deleteLogbooksOnly" visibility="public" complexity="2" crap="6" count="0"/>
        <line num="262" type="stmt" count="0"/>
        <line num="265" type="stmt" count="0"/>
        <line num="266" type="stmt" count="0"/>
        <line num="267" type="stmt" count="0"/>
        <line num="268" type="stmt" count="0"/>
        <line num="271" type="stmt" count="0"/>
        <line num="277" type="method" name="persistEntity" visibility="public" complexity="3" crap="12" count="0"/>
        <line num="279" type="stmt" count="0"/>
        <line num="280" type="stmt" count="0"/>
        <line num="281" type="stmt" count="0"/>
        <line num="282" type="stmt" count="0"/>
        <line num="283" type="stmt" count="0"/>
        <line num="284" type="stmt" count="0"/>
        <line num="287" type="stmt" count="0"/>
        <metrics loc="290" ncloc="280" classes="1" methods="9" coveredmethods="3" conditionals="0" coveredconditionals="0" statements="170" coveredstatements="110" elements="179" coveredelements="113"/>
      </file>
    </package>
    <package name="App\Controller\App\Dashboard">
      <file name="/Users/papoel/Documents/sandbox/side_project/GuideNouvelArrivant/src/Controller/App/Dashboard/ActionController.php">
        <class name="App\Controller\App\Dashboard\ActionController" namespace="App\Controller\App\Dashboard">
          <metrics complexity="12" methods="4" coveredmethods="1" conditionals="0" coveredconditionals="0" statements="44" coveredstatements="18" elements="48" coveredelements="19"/>
        </class>
        <line num="23" type="method" name="__construct" visibility="public" complexity="1" crap="1" count="1"/>
        <line num="28" type="stmt" count="1"/>
        <line num="30" type="method" name="edit" visibility="public" complexity="5" crap="5.03" count="1"/>
        <line num="34" type="stmt" count="1"/>
        <line num="35" type="stmt" count="1"/>
        <line num="36" type="stmt" count="0"/>
        <line num="40" type="stmt" count="1"/>
        <line num="41" type="stmt" count="1"/>
        <line num="42" type="stmt" count="0"/>
        <line num="46" type="stmt" count="1"/>
        <line num="49" type="stmt" count="1"/>
        <line num="52" type="stmt" count="1"/>
        <line num="53" type="stmt" count="1"/>
        <line num="56" type="stmt" count="1"/>
        <line num="57" type="stmt" count="1"/>
        <line num="60" type="stmt" count="1"/>
        <line num="64" type="stmt" count="1"/>
        <line num="65" type="stmt" count="1"/>
        <line num="66" type="stmt" count="1"/>
        <line num="67" type="stmt" count="1"/>
        <line num="68" type="stmt" count="1"/>
        <line num="69" type="stmt" count="1"/>
        <line num="72" type="method" name="delete" visibility="public" complexity="2" crap="6" count="0"/>
        <line num="75" type="stmt" count="0"/>
        <line num="76" type="stmt" count="0"/>
        <line num="78" type="stmt" count="0"/>
        <line num="79" type="stmt" count="0"/>
        <line num="80" type="stmt" count="0"/>
        <line num="83" type="stmt" count="0"/>
        <line num="84" type="stmt" count="0"/>
        <line num="85" type="stmt" count="0"/>
        <line num="86" type="stmt" count="0"/>
        <line num="87" type="stmt" count="0"/>
        <line num="90" type="method" name="clearComment" visibility="public" complexity="4" crap="20" count="0"/>
        <line num="93" type="stmt" count="0"/>
        <line num="94" type="stmt" count="0"/>
        <line num="95" type="stmt" count="0"/>
        <line num="97" type="stmt" count="0"/>
        <line num="98" type="stmt" count="0"/>
        <line num="101" type="stmt" count="0"/>
        <line num="102" type="stmt" count="0"/>
        <line num="104" type="stmt" count="0"/>
        <line num="106" type="stmt" count="0"/>
        <line num="107" type="stmt" count="0"/>
        <line num="108" type="stmt" count="0"/>
        <line num="109" type="stmt" count="0"/>
        <line num="110" type="stmt" count="0"/>
        <line num="111" type="stmt" count="0"/>
        <metrics loc="114" ncloc="106" classes="1" methods="4" coveredmethods="1" conditionals="0" coveredconditionals="0" statements="44" coveredstatements="18" elements="48" coveredelements="19"/>
      </file>
      <file name="/Users/papoel/Documents/sandbox/side_project/GuideNouvelArrivant/src/Controller/App/Dashboard/DashboardController.php">
        <class name="App\Controller\App\Dashboard\DashboardController" namespace="App\Controller\App\Dashboard">
          <metrics complexity="2" methods="2" coveredmethods="2" conditionals="0" coveredconditionals="0" statements="3" coveredstatements="3" elements="5" coveredelements="5"/>
        </class>
        <line num="20" type="method" name="index" visibility="public" complexity="1" crap="1" count="11"/>
        <line num="24" type="stmt" count="11"/>
        <line num="27" type="stmt" count="11"/>
        <line num="30" type="method" name="pages" visibility="public" complexity="1" crap="1" count="3"/>
        <line num="33" type="stmt" count="3"/>
        <metrics loc="36" ncloc="34" classes="1" methods="2" coveredmethods="2" conditionals="0" coveredconditionals="0" statements="3" coveredstatements="3" elements="5" coveredelements="5"/>
      </file>
    </package>
    <package name="App\Controller\App\Dashboard\Mentor">
      <file name="/Users/papoel/Documents/sandbox/side_project/GuideNouvelArrivant/src/Controller/App/Dashboard/Mentor/MentorDashboardController.php">
        <class name="App\Controller\App\Dashboard\Mentor\MentorDashboardController" namespace="App\Controller\App\Dashboard\Mentor">
          <metrics complexity="5" methods="2" coveredmethods="0" conditionals="0" coveredconditionals="0" statements="16" coveredstatements="0" elements="18" coveredelements="0"/>
        </class>
        <line num="20" type="method" name="__construct" visibility="public" complexity="1" crap="2" count="0"/>
        <line num="25" type="stmt" count="0"/>
        <line num="27" type="method" name="index" visibility="public" complexity="4" crap="20" count="0"/>
        <line num="31" type="stmt" count="0"/>
        <line num="34" type="stmt" count="0"/>
        <line num="35" type="stmt" count="0"/>
        <line num="36" type="stmt" count="0"/>
        <line num="43" type="stmt" count="0"/>
        <line num="46" type="stmt" count="0"/>
        <line num="47" type="stmt" count="0"/>
        <line num="48" type="stmt" count="0"/>
        <line num="49" type="stmt" count="0"/>
        <line num="50" type="stmt" count="0"/>
        <line num="52" type="stmt" count="0"/>
        <line num="56" type="stmt" count="0"/>
        <line num="57" type="stmt" count="0"/>
        <line num="58" type="stmt" count="0"/>
        <line num="59" type="stmt" count="0"/>
        <metrics loc="62" ncloc="54" classes="1" methods="2" coveredmethods="0" conditionals="0" coveredconditionals="0" statements="16" coveredstatements="0" elements="18" coveredelements="0"/>
      </file>
      <file name="/Users/papoel/Documents/sandbox/side_project/GuideNouvelArrivant/src/Controller/App/Dashboard/Mentor/MentorLogbookController.php">
        <class name="App\Controller\App\Dashboard\Mentor\MentorLogbookController" namespace="App\Controller\App\Dashboard\Mentor">
          <metrics complexity="20" methods="6" coveredmethods="0" conditionals="0" coveredconditionals="0" statements="94" coveredstatements="0" elements="100" coveredelements="0"/>
        </class>
        <line num="25" type="method" name="__construct" visibility="public" complexity="1" crap="2" count="0"/>
        <line num="30" type="stmt" count="0"/>
        <line num="32" type="method" name="details" visibility="public" complexity="3" crap="12" count="0"/>
        <line num="37" type="stmt" count="0"/>
        <line num="39" type="stmt" count="0"/>
        <line num="42" type="stmt" count="0"/>
        <line num="43" type="stmt" count="0"/>
        <line num="47" type="stmt" count="0"/>
        <line num="48" type="stmt" count="0"/>
        <line num="51" type="stmt" count="0"/>
        <line num="52" type="stmt" count="0"/>
        <line num="54" type="stmt" count="0"/>
        <line num="55" type="stmt" count="0"/>
        <line num="56" type="stmt" count="0"/>
        <line num="57" type="stmt" count="0"/>
        <line num="58" type="stmt" count="0"/>
        <line num="59" type="stmt" count="0"/>
        <line num="60" type="stmt" count="0"/>
        <line num="63" type="method" name="edit" visibility="public" complexity="5" crap="30" count="0"/>
        <line num="67" type="stmt" count="0"/>
        <line num="69" type="stmt" count="0"/>
        <line num="70" type="stmt" count="0"/>
        <line num="73" type="stmt" count="0"/>
        <line num="74" type="stmt" count="0"/>
        <line num="76" type="stmt" count="0"/>
        <line num="77" type="stmt" count="0"/>
        <line num="79" type="stmt" count="0"/>
        <line num="80" type="stmt" count="0"/>
        <line num="83" type="stmt" count="0"/>
        <line num="86" type="stmt" count="0"/>
        <line num="87" type="stmt" count="0"/>
        <line num="88" type="stmt" count="0"/>
        <line num="90" type="stmt" count="0"/>
        <line num="91" type="stmt" count="0"/>
        <line num="93" type="stmt" count="0"/>
        <line num="95" type="stmt" count="0"/>
        <line num="96" type="stmt" count="0"/>
        <line num="97" type="stmt" count="0"/>
        <line num="98" type="stmt" count="0"/>
        <line num="99" type="stmt" count="0"/>
        <line num="103" type="stmt" count="0"/>
        <line num="104" type="stmt" count="0"/>
        <line num="105" type="stmt" count="0"/>
        <line num="106" type="stmt" count="0"/>
        <line num="109" type="method" name="validate" visibility="public" complexity="5" crap="30" count="0"/>
        <line num="113" type="stmt" count="0"/>
        <line num="115" type="stmt" count="0"/>
        <line num="116" type="stmt" count="0"/>
        <line num="120" type="stmt" count="0"/>
        <line num="121" type="stmt" count="0"/>
        <line num="122" type="stmt" count="0"/>
        <line num="126" type="stmt" count="0"/>
        <line num="127" type="stmt" count="0"/>
        <line num="128" type="stmt" count="0"/>
        <line num="132" type="stmt" count="0"/>
        <line num="133" type="stmt" count="0"/>
        <line num="136" type="stmt" count="0"/>
        <line num="137" type="stmt" count="0"/>
        <line num="140" type="stmt" count="0"/>
        <line num="141" type="stmt" count="0"/>
        <line num="143" type="stmt" count="0"/>
        <line num="146" type="stmt" count="0"/>
        <line num="147" type="stmt" count="0"/>
        <line num="148" type="stmt" count="0"/>
        <line num="149" type="stmt" count="0"/>
        <line num="150" type="stmt" count="0"/>
        <line num="153" type="method" name="invalidate" visibility="public" complexity="3" crap="12" count="0"/>
        <line num="157" type="stmt" count="0"/>
        <line num="159" type="stmt" count="0"/>
        <line num="160" type="stmt" count="0"/>
        <line num="164" type="stmt" count="0"/>
        <line num="165" type="stmt" count="0"/>
        <line num="166" type="stmt" count="0"/>
        <line num="170" type="stmt" count="0"/>
        <line num="172" type="stmt" count="0"/>
        <line num="173" type="stmt" count="0"/>
        <line num="175" type="stmt" count="0"/>
        <line num="176" type="stmt" count="0"/>
        <line num="178" type="stmt" count="0"/>
        <line num="180" type="stmt" count="0"/>
        <line num="181" type="stmt" count="0"/>
        <line num="182" type="stmt" count="0"/>
        <line num="183" type="stmt" count="0"/>
        <line num="184" type="stmt" count="0"/>
        <line num="187" type="method" name="deleteComment" visibility="public" complexity="3" crap="12" count="0"/>
        <line num="191" type="stmt" count="0"/>
        <line num="193" type="stmt" count="0"/>
        <line num="194" type="stmt" count="0"/>
        <line num="197" type="stmt" count="0"/>
        <line num="198" type="stmt" count="0"/>
        <line num="200" type="stmt" count="0"/>
        <line num="201" type="stmt" count="0"/>
        <line num="205" type="stmt" count="0"/>
        <line num="208" type="stmt" count="0"/>
        <line num="209" type="stmt" count="0"/>
        <line num="211" type="stmt" count="0"/>
        <line num="212" type="stmt" count="0"/>
        <line num="213" type="stmt" count="0"/>
        <line num="214" type="stmt" count="0"/>
        <line num="215" type="stmt" count="0"/>
        <metrics loc="218" ncloc="196" classes="1" methods="6" coveredmethods="0" conditionals="0" coveredconditionals="0" statements="94" coveredstatements="0" elements="100" coveredelements="0"/>
      </file>
    </package>
    <package name="App\Controller\App">
      <file name="/Users/papoel/Documents/sandbox/side_project/GuideNouvelArrivant/src/Controller/App/HomeController.php">
        <class name="App\Controller\App\HomeController" namespace="App\Controller\App">
          <metrics complexity="1" methods="1" coveredmethods="1" conditionals="0" coveredconditionals="0" statements="1" coveredstatements="1" elements="2" coveredelements="2"/>
        </class>
        <line num="11" type="method" name="index" visibility="public" complexity="1" crap="1" count="6"/>
        <line num="14" type="stmt" count="6"/>
        <metrics loc="17" ncloc="17" classes="1" methods="1" coveredmethods="1" conditionals="0" coveredconditionals="0" statements="1" coveredstatements="1" elements="2" coveredelements="2"/>
      </file>
    </package>
    <package name="App\Controller\Security">
      <file name="/Users/papoel/Documents/sandbox/side_project/GuideNouvelArrivant/src/Controller/Security/ResetPasswordController.php">
        <class name="App\Controller\Security\ResetPasswordController" namespace="App\Controller\Security">
          <metrics complexity="16" methods="5" coveredmethods="2" conditionals="0" coveredconditionals="0" statements="68" coveredstatements="51" elements="73" coveredelements="53"/>
        </class>
        <line num="28" type="method" name="__construct" visibility="public" complexity="1" crap="1" count="5"/>
        <line num="33" type="stmt" count="5"/>
        <line num="38" type="method" name="request" visibility="public" complexity="3" crap="3" count="3"/>
        <line num="41" type="stmt" count="3"/>
        <line num="42" type="stmt" count="3"/>
        <line num="44" type="stmt" count="3"/>
        <line num="46" type="stmt" count="2"/>
        <line num="48" type="stmt" count="2"/>
        <line num="49" type="stmt" count="2"/>
        <line num="52" type="stmt" count="3"/>
        <line num="53" type="stmt" count="3"/>
        <line num="54" type="stmt" count="3"/>
        <line num="60" type="method" name="checkEmail" visibility="public" complexity="2" crap="2.03" count="1"/>
        <line num="65" type="stmt" count="1"/>
        <line num="66" type="stmt" count="0"/>
        <line num="69" type="stmt" count="1"/>
        <line num="70" type="stmt" count="1"/>
        <line num="71" type="stmt" count="1"/>
        <line num="77" type="method" name="reset" visibility="public" complexity="6" crap="7.05" count="2"/>
        <line num="80" type="stmt" count="2"/>
        <line num="83" type="stmt" count="2"/>
        <line num="85" type="stmt" count="2"/>
        <line num="88" type="stmt" count="1"/>
        <line num="90" type="stmt" count="1"/>
        <line num="91" type="stmt" count="0"/>
        <line num="96" type="stmt" count="1"/>
        <line num="97" type="stmt" count="0"/>
        <line num="98" type="stmt" count="0"/>
        <line num="99" type="stmt" count="0"/>
        <line num="100" type="stmt" count="0"/>
        <line num="101" type="stmt" count="0"/>
        <line num="102" type="stmt" count="0"/>
        <line num="104" type="stmt" count="0"/>
        <line num="108" type="stmt" count="1"/>
        <line num="109" type="stmt" count="1"/>
        <line num="111" type="stmt" count="1"/>
        <line num="113" type="stmt" count="1"/>
        <line num="116" type="stmt" count="1"/>
        <line num="119" type="stmt" count="1"/>
        <line num="120" type="stmt" count="1"/>
        <line num="123" type="stmt" count="1"/>
        <line num="125" type="stmt" count="1"/>
        <line num="128" type="stmt" count="1"/>
        <line num="129" type="stmt" count="1"/>
        <line num="130" type="stmt" count="1"/>
        <line num="133" type="method" name="processSendingPasswordResetEmail" visibility="private" complexity="4" crap="4.42" count="2"/>
        <line num="136" type="stmt" count="2"/>
        <line num="137" type="stmt" count="2"/>
        <line num="138" type="stmt" count="2"/>
        <line num="141" type="stmt" count="2"/>
        <line num="142" type="stmt" count="1"/>
        <line num="146" type="stmt" count="1"/>
        <line num="147" type="stmt" count="0"/>
        <line num="152" type="stmt" count="0"/>
        <line num="153" type="stmt" count="0"/>
        <line num="154" type="stmt" count="0"/>
        <line num="155" type="stmt" count="0"/>
        <line num="156" type="stmt" count="0"/>
        <line num="158" type="stmt" count="0"/>
        <line num="161" type="stmt" count="1"/>
        <line num="163" type="stmt" count="1"/>
        <line num="164" type="stmt" count="0"/>
        <line num="167" type="stmt" count="1"/>
        <line num="168" type="stmt" count="1"/>
        <line num="169" type="stmt" count="1"/>
        <line num="170" type="stmt" count="1"/>
        <line num="171" type="stmt" count="1"/>
        <line num="172" type="stmt" count="1"/>
        <line num="173" type="stmt" count="1"/>
        <line num="174" type="stmt" count="1"/>
        <line num="175" type="stmt" count="1"/>
        <line num="178" type="stmt" count="1"/>
        <line num="180" type="stmt" count="1"/>
        <metrics loc="183" ncloc="158" classes="1" methods="5" coveredmethods="2" conditionals="0" coveredconditionals="0" statements="68" coveredstatements="51" elements="73" coveredelements="53"/>
      </file>
      <file name="/Users/papoel/Documents/sandbox/side_project/GuideNouvelArrivant/src/Controller/Security/SecurityController.php">
        <class name="App\Controller\Security\SecurityController" namespace="App\Controller\Security">
          <metrics complexity="3" methods="2" coveredmethods="0" conditionals="0" coveredconditionals="0" statements="19" coveredstatements="5" elements="21" coveredelements="5"/>
        </class>
        <line num="17" type="method" name="login" visibility="public" complexity="2" crap="3.19" count="14"/>
        <line num="21" type="stmt" count="14"/>
        <line num="23" type="stmt" count="14"/>
        <line num="24" type="stmt" count="0"/>
        <line num="25" type="stmt" count="0"/>
        <line num="26" type="stmt" count="0"/>
        <line num="27" type="stmt" count="0"/>
        <line num="28" type="stmt" count="0"/>
        <line num="29" type="stmt" count="0"/>
        <line num="30" type="stmt" count="0"/>
        <line num="31" type="stmt" count="0"/>
        <line num="32" type="stmt" count="0"/>
        <line num="33" type="stmt" count="0"/>
        <line num="37" type="stmt" count="14"/>
        <line num="39" type="stmt" count="14"/>
        <line num="41" type="stmt" count="14"/>
        <line num="44" type="method" name="logout" visibility="public" complexity="1" crap="2" count="0"/>
        <line num="50" type="stmt" count="0"/>
        <line num="51" type="stmt" count="0"/>
        <line num="53" type="stmt" count="0"/>
        <line num="55" type="stmt" count="0"/>
        <metrics loc="58" ncloc="55" classes="1" methods="2" coveredmethods="0" conditionals="0" coveredconditionals="0" statements="19" coveredstatements="5" elements="21" coveredelements="5"/>
      </file>
    </package>
    <package name="App\Controller\User">
      <file name="/Users/papoel/Documents/sandbox/side_project/GuideNouvelArrivant/src/Controller/User/UserProfileController.php">
        <class name="App\Controller\User\UserProfileController" namespace="App\Controller\User">
          <metrics complexity="4" methods="2" coveredmethods="0" conditionals="0" coveredconditionals="0" statements="14" coveredstatements="0" elements="16" coveredelements="0"/>
        </class>
        <line num="17" type="method" name="__construct" visibility="public" complexity="1" crap="2" count="0"/>
        <line num="20" type="stmt" count="0"/>
        <line num="22" type="method" name="settings" visibility="public" complexity="3" crap="12" count="0"/>
        <line num="26" type="stmt" count="0"/>
        <line num="27" type="stmt" count="0"/>
        <line num="28" type="stmt" count="0"/>
        <line num="30" type="stmt" count="0"/>
        <line num="31" type="stmt" count="0"/>
        <line num="32" type="stmt" count="0"/>
        <line num="34" type="stmt" count="0"/>
        <line num="35" type="stmt" count="0"/>
        <line num="36" type="stmt" count="0"/>
        <line num="39" type="stmt" count="0"/>
        <line num="40" type="stmt" count="0"/>
        <line num="41" type="stmt" count="0"/>
        <line num="42" type="stmt" count="0"/>
        <metrics loc="45" ncloc="44" classes="1" methods="2" coveredmethods="0" conditionals="0" coveredconditionals="0" statements="14" coveredstatements="0" elements="16" coveredelements="0"/>
      </file>
    </package>
    <package name="App\Entity">
      <file name="/Users/papoel/Documents/sandbox/side_project/GuideNouvelArrivant/src/Entity/Action.php">
        <class name="App\Entity\Action" namespace="App\Entity">
          <metrics complexity="24" methods="24" coveredmethods="24" conditionals="0" coveredconditionals="0" statements="35" coveredstatements="35" elements="59" coveredelements="59"/>
        </class>
        <line num="57" type="method" name="__toString" visibility="public" complexity="1" crap="1" count="2"/>
        <line num="59" type="stmt" count="2"/>
        <line num="62" type="method" name="getId" visibility="public" complexity="1" crap="1" count="7"/>
        <line num="64" type="stmt" count="7"/>
        <line num="67" type="method" name="getDescription" visibility="public" complexity="1" crap="1" count="1"/>
        <line num="69" type="stmt" count="1"/>
        <line num="72" type="method" name="setDescription" visibility="public" complexity="1" crap="1" count="18"/>
        <line num="74" type="stmt" count="18"/>
        <line num="76" type="stmt" count="18"/>
        <line num="79" type="method" name="getAgentComment" visibility="public" complexity="1" crap="1" count="8"/>
        <line num="81" type="stmt" count="8"/>
        <line num="84" type="method" name="setAgentComment" visibility="public" complexity="1" crap="1" count="22"/>
        <line num="86" type="stmt" count="22"/>
        <line num="88" type="stmt" count="22"/>
        <line num="91" type="method" name="getAgentValidatedAt" visibility="public" complexity="1" crap="1" count="1"/>
        <line num="93" type="stmt" count="1"/>
        <line num="96" type="method" name="setAgentValidatedAt" visibility="public" complexity="1" crap="1" count="19"/>
        <line num="98" type="stmt" count="19"/>
        <line num="100" type="stmt" count="19"/>
        <line num="103" type="method" name="getAgentVisa" visibility="public" complexity="1" crap="1" count="1"/>
        <line num="105" type="stmt" count="1"/>
        <line num="108" type="method" name="setAgentVisa" visibility="public" complexity="1" crap="1" count="19"/>
        <line num="110" type="stmt" count="19"/>
        <line num="112" type="stmt" count="19"/>
        <line num="115" type="method" name="getMentorComment" visibility="public" complexity="1" crap="1" count="4"/>
        <line num="117" type="stmt" count="4"/>
        <line num="120" type="method" name="setMentorComment" visibility="public" complexity="1" crap="1" count="20"/>
        <line num="122" type="stmt" count="20"/>
        <line num="124" type="stmt" count="20"/>
        <line num="127" type="method" name="getMentorValidatedAt" visibility="public" complexity="1" crap="1" count="1"/>
        <line num="129" type="stmt" count="1"/>
        <line num="132" type="method" name="setMentorValidatedAt" visibility="public" complexity="1" crap="1" count="18"/>
        <line num="134" type="stmt" count="18"/>
        <line num="136" type="stmt" count="18"/>
        <line num="139" type="method" name="getMentorCommentedAt" visibility="public" complexity="1" crap="1" count="2"/>
        <line num="141" type="stmt" count="2"/>
        <line num="144" type="method" name="setMentorCommentedAt" visibility="public" complexity="1" crap="1" count="19"/>
        <line num="146" type="stmt" count="19"/>
        <line num="148" type="stmt" count="19"/>
        <line num="151" type="method" name="getMentorVisa" visibility="public" complexity="1" crap="1" count="1"/>
        <line num="153" type="stmt" count="1"/>
        <line num="156" type="method" name="setMentorVisa" visibility="public" complexity="1" crap="1" count="18"/>
        <line num="158" type="stmt" count="18"/>
        <line num="160" type="stmt" count="18"/>
        <line num="163" type="method" name="getModule" visibility="public" complexity="1" crap="1" count="6"/>
        <line num="165" type="stmt" count="6"/>
        <line num="168" type="method" name="setModule" visibility="public" complexity="1" crap="1" count="6"/>
        <line num="170" type="stmt" count="6"/>
        <line num="172" type="stmt" count="6"/>
        <line num="175" type="method" name="getUser" visibility="public" complexity="1" crap="1" count="4"/>
        <line num="177" type="stmt" count="4"/>
        <line num="180" type="method" name="setUser" visibility="public" complexity="1" crap="1" count="7"/>
        <line num="182" type="stmt" count="7"/>
        <line num="184" type="stmt" count="7"/>
        <line num="187" type="method" name="getLogbook" visibility="public" complexity="1" crap="1" count="3"/>
        <line num="189" type="stmt" count="3"/>
        <line num="192" type="method" name="setLogbook" visibility="public" complexity="1" crap="1" count="3"/>
        <line num="194" type="stmt" count="3"/>
        <line num="196" type="stmt" count="3"/>
        <metrics loc="199" ncloc="199" classes="1" methods="24" coveredmethods="24" conditionals="0" coveredconditionals="0" statements="35" coveredstatements="35" elements="59" coveredelements="59"/>
      </file>
      <file name="/Users/papoel/Documents/sandbox/side_project/GuideNouvelArrivant/src/Entity/Logbook.php">
        <class name="App\Entity\Logbook" namespace="App\Entity">
          <metrics complexity="19" methods="13" coveredmethods="13" conditionals="0" coveredconditionals="0" statements="26" coveredstatements="26" elements="39" coveredelements="39"/>
        </class>
        <line num="43" type="method" name="__construct" visibility="public" complexity="1" crap="1" count="32"/>
        <line num="45" type="stmt" count="32"/>
        <line num="46" type="stmt" count="32"/>
        <line num="49" type="method" name="__toString" visibility="public" complexity="2" crap="2" count="1"/>
        <line num="51" type="stmt" count="1"/>
        <line num="54" type="method" name="getId" visibility="public" complexity="1" crap="1" count="16"/>
        <line num="56" type="stmt" count="16"/>
        <line num="59" type="method" name="getName" visibility="public" complexity="1" crap="1" count="11"/>
        <line num="61" type="stmt" count="11"/>
        <line num="64" type="method" name="setName" visibility="public" complexity="1" crap="1" count="16"/>
        <line num="66" type="stmt" count="16"/>
        <line num="72" type="method" name="getThemes" visibility="public" complexity="1" crap="1" count="13"/>
        <line num="74" type="stmt" count="13"/>
        <line num="77" type="method" name="addTheme" visibility="public" complexity="2" crap="2" count="11"/>
        <line num="79" type="stmt" count="11"/>
        <line num="80" type="stmt" count="11"/>
        <line num="81" type="stmt" count="11"/>
        <line num="84" type="stmt" count="11"/>
        <line num="87" type="method" name="removeTheme" visibility="public" complexity="2" crap="2" count="2"/>
        <line num="89" type="stmt" count="2"/>
        <line num="90" type="stmt" count="2"/>
        <line num="93" type="stmt" count="2"/>
        <line num="96" type="method" name="getOwner" visibility="public" complexity="1" crap="1" count="16"/>
        <line num="98" type="stmt" count="16"/>
        <line num="101" type="method" name="setOwner" visibility="public" complexity="1" crap="1" count="18"/>
        <line num="103" type="stmt" count="18"/>
        <line num="105" type="stmt" count="18"/>
        <line num="111" type="method" name="getActions" visibility="public" complexity="1" crap="1" count="3"/>
        <line num="113" type="stmt" count="3"/>
        <line num="116" type="method" name="addAction" visibility="public" complexity="2" crap="2" count="1"/>
        <line num="118" type="stmt" count="1"/>
        <line num="119" type="stmt" count="1"/>
        <line num="120" type="stmt" count="1"/>
        <line num="123" type="stmt" count="1"/>
        <line num="126" type="method" name="removeAction" visibility="public" complexity="3" crap="3" count="1"/>
        <line num="128" type="stmt" count="1"/>
        <line num="130" type="stmt" count="1"/>
        <line num="131" type="stmt" count="1"/>
        <line num="135" type="stmt" count="1"/>
        <metrics loc="138" ncloc="125" classes="1" methods="13" coveredmethods="13" conditionals="0" coveredconditionals="0" statements="26" coveredstatements="26" elements="39" coveredelements="39"/>
      </file>
      <file name="/Users/papoel/Documents/sandbox/side_project/GuideNouvelArrivant/src/Entity/Module.php">
        <class name="App\Entity\Module" namespace="App\Entity">
          <metrics complexity="22" methods="13" coveredmethods="13" conditionals="0" coveredconditionals="0" statements="29" coveredstatements="29" elements="42" coveredelements="42"/>
        </class>
        <line num="42" type="method" name="__construct" visibility="public" complexity="1" crap="1" count="30"/>
        <line num="44" type="stmt" count="30"/>
        <line num="47" type="method" name="__toString" visibility="public" complexity="4" crap="4" count="1"/>
        <line num="49" type="stmt" count="1"/>
        <line num="50" type="stmt" count="1"/>
        <line num="51" type="stmt" count="1"/>
        <line num="53" type="stmt" count="1"/>
        <line num="56" type="method" name="getId" visibility="public" complexity="1" crap="1" count="16"/>
        <line num="58" type="stmt" count="16"/>
        <line num="61" type="method" name="getTitle" visibility="public" complexity="1" crap="1" count="13"/>
        <line num="63" type="stmt" count="13"/>
        <line num="66" type="method" name="setTitle" visibility="public" complexity="1" crap="1" count="22"/>
        <line num="68" type="stmt" count="22"/>
        <line num="70" type="stmt" count="22"/>
        <line num="73" type="method" name="getDescription" visibility="public" complexity="1" crap="1" count="3"/>
        <line num="75" type="stmt" count="3"/>
        <line num="78" type="method" name="setDescription" visibility="public" complexity="1" crap="1" count="17"/>
        <line num="80" type="stmt" count="17"/>
        <line num="82" type="stmt" count="17"/>
        <line num="85" type="method" name="getTheme" visibility="public" complexity="1" crap="1" count="4"/>
        <line num="87" type="stmt" count="4"/>
        <line num="90" type="method" name="setTheme" visibility="public" complexity="1" crap="1" count="16"/>
        <line num="92" type="stmt" count="16"/>
        <line num="94" type="stmt" count="16"/>
        <line num="100" type="method" name="getActions" visibility="public" complexity="1" crap="1" count="12"/>
        <line num="102" type="stmt" count="12"/>
        <line num="105" type="method" name="addAction" visibility="public" complexity="2" crap="2" count="3"/>
        <line num="107" type="stmt" count="3"/>
        <line num="108" type="stmt" count="3"/>
        <line num="109" type="stmt" count="3"/>
        <line num="112" type="stmt" count="3"/>
        <line num="115" type="method" name="removeAction" visibility="public" complexity="3" crap="3" count="1"/>
        <line num="117" type="stmt" count="1"/>
        <line num="119" type="stmt" count="1"/>
        <line num="120" type="stmt" count="1"/>
        <line num="124" type="stmt" count="1"/>
        <line num="145" type="method" name="getActionByModuleId" visibility="public" complexity="4" crap="4" count="2"/>
        <line num="147" type="stmt" count="2"/>
        <line num="148" type="stmt" count="1"/>
        <line num="149" type="stmt" count="1"/>
        <line num="150" type="stmt" count="1"/>
        <line num="154" type="stmt" count="2"/>
        <metrics loc="157" ncloc="132" classes="1" methods="13" coveredmethods="13" conditionals="0" coveredconditionals="0" statements="29" coveredstatements="29" elements="42" coveredelements="42"/>
      </file>
      <file name="/Users/papoel/Documents/sandbox/side_project/GuideNouvelArrivant/src/Entity/ResetPasswordRequest.php">
        <class name="App\Entity\ResetPasswordRequest" namespace="App\Entity">
          <metrics complexity="3" methods="3" coveredmethods="2" conditionals="0" coveredconditionals="0" statements="4" coveredstatements="3" elements="7" coveredelements="5"/>
        </class>
        <line num="24" type="method" name="__construct" visibility="public" complexity="1" crap="1" count="2"/>
        <line num="26" type="stmt" count="2"/>
        <line num="27" type="stmt" count="2"/>
        <line num="30" type="method" name="getId" visibility="public" complexity="1" crap="2" count="0"/>
        <line num="32" type="stmt" count="0"/>
        <line num="35" type="method" name="getUser" visibility="public" complexity="1" crap="1" count="1"/>
        <line num="38" type="stmt" count="1"/>
        <metrics loc="41" ncloc="40" classes="1" methods="3" coveredmethods="2" conditionals="0" coveredconditionals="0" statements="4" coveredstatements="3" elements="7" coveredelements="5"/>
      </file>
      <file name="/Users/papoel/Documents/sandbox/side_project/GuideNouvelArrivant/src/Entity/Theme.php">
        <class name="App\Entity\Theme" namespace="App\Entity">
          <metrics complexity="19" methods="13" coveredmethods="13" conditionals="0" coveredconditionals="0" statements="26" coveredstatements="26" elements="39" coveredelements="39"/>
        </class>
        <line num="44" type="method" name="__construct" visibility="public" complexity="1" crap="1" count="28"/>
        <line num="46" type="stmt" count="28"/>
        <line num="47" type="stmt" count="28"/>
        <line num="50" type="method" name="__toString" visibility="public" complexity="2" crap="2" count="1"/>
        <line num="52" type="stmt" count="1"/>
        <line num="55" type="method" name="getId" visibility="public" complexity="1" crap="1" count="14"/>
        <line num="57" type="stmt" count="14"/>
        <line num="60" type="method" name="getTitle" visibility="public" complexity="1" crap="1" count="14"/>
        <line num="62" type="stmt" count="14"/>
        <line num="65" type="method" name="setTitle" visibility="public" complexity="1" crap="1" count="20"/>
        <line num="67" type="stmt" count="20"/>
        <line num="69" type="stmt" count="20"/>
        <line num="72" type="method" name="getDescription" visibility="public" complexity="1" crap="1" count="4"/>
        <line num="74" type="stmt" count="4"/>
        <line num="77" type="method" name="setDescription" visibility="public" complexity="1" crap="1" count="16"/>
        <line num="79" type="stmt" count="16"/>
        <line num="81" type="stmt" count="16"/>
        <line num="87" type="method" name="getLogbooks" visibility="public" complexity="1" crap="1" count="3"/>
        <line num="89" type="stmt" count="3"/>
        <line num="92" type="method" name="addLogbook" visibility="public" complexity="2" crap="2" count="11"/>
        <line num="94" type="stmt" count="11"/>
        <line num="95" type="stmt" count="11"/>
        <line num="96" type="stmt" count="11"/>
        <line num="99" type="stmt" count="11"/>
        <line num="102" type="method" name="removeLogbook" visibility="public" complexity="2" crap="2" count="2"/>
        <line num="104" type="stmt" count="2"/>
        <line num="105" type="stmt" count="2"/>
        <line num="108" type="stmt" count="2"/>
        <line num="114" type="method" name="getModules" visibility="public" complexity="1" crap="1" count="13"/>
        <line num="116" type="stmt" count="13"/>
        <line num="119" type="method" name="addModule" visibility="public" complexity="2" crap="2" count="2"/>
        <line num="121" type="stmt" count="2"/>
        <line num="122" type="stmt" count="2"/>
        <line num="123" type="stmt" count="2"/>
        <line num="126" type="stmt" count="2"/>
        <line num="129" type="method" name="removeModule" visibility="public" complexity="3" crap="3" count="2"/>
        <line num="132" type="stmt" count="2"/>
        <line num="133" type="stmt" count="1"/>
        <line num="136" type="stmt" count="2"/>
        <metrics loc="139" ncloc="124" classes="1" methods="13" coveredmethods="13" conditionals="0" coveredconditionals="0" statements="26" coveredstatements="26" elements="39" coveredelements="39"/>
      </file>
      <file name="/Users/papoel/Documents/sandbox/side_project/GuideNouvelArrivant/src/Entity/User.php">
        <class name="App\Entity\User" namespace="App\Entity">
          <metrics complexity="52" methods="40" coveredmethods="39" conditionals="0" coveredconditionals="0" statements="83" coveredstatements="82" elements="123" coveredelements="121"/>
        </class>
        <line num="128" type="method" name="__construct" visibility="public" complexity="1" crap="1" count="86"/>
        <line num="130" type="stmt" count="86"/>
        <line num="131" type="stmt" count="86"/>
        <line num="132" type="stmt" count="86"/>
        <line num="135" type="method" name="__toString" visibility="public" complexity="1" crap="1" count="1"/>
        <line num="137" type="stmt" count="1"/>
        <line num="140" type="method" name="getId" visibility="public" complexity="1" crap="1" count="7"/>
        <line num="142" type="stmt" count="7"/>
        <line num="145" type="method" name="getFirstname" visibility="public" complexity="1" crap="1" count="3"/>
        <line num="147" type="stmt" count="3"/>
        <line num="150" type="method" name="setFirstname" visibility="public" complexity="1" crap="1" count="80"/>
        <line num="152" type="stmt" count="80"/>
        <line num="154" type="stmt" count="80"/>
        <line num="157" type="method" name="getLastname" visibility="public" complexity="1" crap="1" count="1"/>
        <line num="159" type="stmt" count="1"/>
        <line num="162" type="method" name="setLastname" visibility="public" complexity="1" crap="1" count="80"/>
        <line num="164" type="stmt" count="80"/>
        <line num="166" type="stmt" count="80"/>
        <line num="169" type="method" name="getEmail" visibility="public" complexity="1" crap="1" count="9"/>
        <line num="171" type="stmt" count="9"/>
        <line num="174" type="method" name="setEmail" visibility="public" complexity="1" crap="1" count="79"/>
        <line num="176" type="stmt" count="79"/>
        <line num="178" type="stmt" count="79"/>
        <line num="186" type="method" name="getUserIdentifier" visibility="public" complexity="1" crap="1" count="16"/>
        <line num="188" type="stmt" count="16"/>
        <line num="196" type="method" name="getRoles" visibility="public" complexity="1" crap="1" count="19"/>
        <line num="198" type="stmt" count="19"/>
        <line num="200" type="stmt" count="19"/>
        <line num="202" type="stmt" count="19"/>
        <line num="208" type="method" name="setRoles" visibility="public" complexity="1" crap="1" count="51"/>
        <line num="210" type="stmt" count="51"/>
        <line num="212" type="stmt" count="51"/>
        <line num="218" type="method" name="getPassword" visibility="public" complexity="1" crap="1" count="17"/>
        <line num="220" type="stmt" count="17"/>
        <line num="223" type="method" name="setPassword" visibility="public" complexity="1" crap="1" count="79"/>
        <line num="225" type="stmt" count="79"/>
        <line num="227" type="stmt" count="79"/>
        <line num="233" type="method" name="eraseCredentials" visibility="public" complexity="1" crap="1" count="13"/>
        <line num="237" type="stmt" count="13"/>
        <line num="239" type="method" name="getLastLoginAt" visibility="public" complexity="1" crap="1" count="2"/>
        <line num="241" type="stmt" count="2"/>
        <line num="244" type="method" name="setLastLoginAt" visibility="public" complexity="1" crap="1" count="55"/>
        <line num="246" type="stmt" count="55"/>
        <line num="248" type="stmt" count="55"/>
        <line num="251" type="method" name="getFullname" visibility="public" complexity="1" crap="1" count="19"/>
        <line num="253" type="stmt" count="19"/>
        <line num="254" type="stmt" count="19"/>
        <line num="256" type="stmt" count="19"/>
        <line num="259" type="method" name="getJob" visibility="public" complexity="1" crap="1" count="1"/>
        <line num="261" type="stmt" count="1"/>
        <line num="264" type="method" name="setJob" visibility="public" complexity="1" crap="1" count="74"/>
        <line num="266" type="stmt" count="74"/>
        <line num="268" type="stmt" count="74"/>
        <line num="271" type="method" name="getJobLabel" visibility="public" complexity="1" crap="1" count="18"/>
        <line num="273" type="stmt" count="18"/>
        <line num="276" type="method" name="getNni" visibility="public" complexity="1" crap="1" count="27"/>
        <line num="278" type="stmt" count="27"/>
        <line num="281" type="method" name="setNni" visibility="public" complexity="1" crap="1" count="84"/>
        <line num="283" type="stmt" count="84"/>
        <line num="285" type="stmt" count="84"/>
        <line num="288" type="method" name="getSpeciality" visibility="public" complexity="1" crap="1" count="1"/>
        <line num="290" type="stmt" count="1"/>
        <line num="293" type="method" name="setSpeciality" visibility="public" complexity="1" crap="1" count="74"/>
        <line num="295" type="stmt" count="74"/>
        <line num="297" type="stmt" count="74"/>
        <line num="300" type="method" name="getSpecialityAbreviation" visibility="public" complexity="1" crap="1" count="13"/>
        <line num="302" type="stmt" count="13"/>
        <line num="305" type="method" name="getSpecialityLabel" visibility="public" complexity="1" crap="1" count="13"/>
        <line num="307" type="stmt" count="13"/>
        <line num="310" type="method" name="getMentor" visibility="public" complexity="1" crap="1" count="18"/>
        <line num="312" type="stmt" count="18"/>
        <line num="315" type="method" name="setMentor" visibility="public" complexity="1" crap="1" count="6"/>
        <line num="317" type="stmt" count="6"/>
        <line num="319" type="stmt" count="6"/>
        <line num="322" type="method" name="getHiringAt" visibility="public" complexity="1" crap="1" count="15"/>
        <line num="324" type="stmt" count="15"/>
        <line num="327" type="method" name="setHiringAt" visibility="public" complexity="1" crap="1" count="74"/>
        <line num="329" type="stmt" count="74"/>
        <line num="331" type="stmt" count="74"/>
        <line num="334" type="method" name="isAdmin" visibility="public" complexity="1" crap="1" count="1"/>
        <line num="336" type="stmt" count="1"/>
        <line num="342" type="method" name="getLogbooks" visibility="public" complexity="1" crap="1" count="18"/>
        <line num="344" type="stmt" count="18"/>
        <line num="347" type="method" name="addLogbook" visibility="public" complexity="2" crap="2" count="4"/>
        <line num="349" type="stmt" count="4"/>
        <line num="350" type="stmt" count="4"/>
        <line num="351" type="stmt" count="4"/>
        <line num="354" type="stmt" count="4"/>
        <line num="357" type="method" name="removeLogbook" visibility="public" complexity="3" crap="3" count="1"/>
        <line num="359" type="stmt" count="1"/>
        <line num="361" type="stmt" count="1"/>
        <line num="362" type="stmt" count="1"/>
        <line num="366" type="stmt" count="1"/>
        <line num="369" type="method" name="hasLogbooks" visibility="public" complexity="1" crap="2" count="0"/>
        <line num="371" type="stmt" count="0"/>
        <line num="377" type="method" name="getActions" visibility="public" complexity="1" crap="1" count="13"/>
        <line num="379" type="stmt" count="13"/>
        <line num="382" type="method" name="addAction" visibility="public" complexity="2" crap="2" count="3"/>
        <line num="384" type="stmt" count="3"/>
        <line num="385" type="stmt" count="3"/>
        <line num="386" type="stmt" count="3"/>
        <line num="389" type="stmt" count="3"/>
        <line num="392" type="method" name="removeAction" visibility="public" complexity="3" crap="3" count="1"/>
        <line num="394" type="stmt" count="1"/>
        <line num="396" type="stmt" count="1"/>
        <line num="397" type="stmt" count="1"/>
        <line num="401" type="stmt" count="1"/>
        <line num="405" type="method" name="getSeniority" visibility="public" complexity="7" crap="7" count="1"/>
        <line num="407" type="stmt" count="1"/>
        <line num="408" type="stmt" count="1"/>
        <line num="411" type="stmt" count="1"/>
        <line num="412" type="stmt" count="1"/>
        <line num="414" type="stmt" count="1"/>
        <line num="415" type="stmt" count="1"/>
        <line num="416" type="stmt" count="1"/>
        <line num="418" type="stmt" count="1"/>
        <line num="419" type="stmt" count="1"/>
        <line num="420" type="stmt" count="1"/>
        <line num="422" type="stmt" count="1"/>
        <line num="423" type="stmt" count="1"/>
        <line num="425" type="stmt" count="1"/>
        <line num="426" type="stmt" count="1"/>
        <line num="429" type="stmt" count="1"/>
        <metrics loc="432" ncloc="389" classes="1" methods="40" coveredmethods="39" conditionals="0" coveredconditionals="0" statements="83" coveredstatements="82" elements="123" coveredelements="121"/>
      </file>
    </package>
    <package name="App\Entity\Traits">
      <file name="/Users/papoel/Documents/sandbox/side_project/GuideNouvelArrivant/src/Entity/Traits/TimestampTrait.php">
        <class name="App\Entity\Traits\TimestampTrait" namespace="App\Entity\Traits">
          <metrics complexity="6" methods="6" coveredmethods="6" conditionals="0" coveredconditionals="0" statements="10" coveredstatements="10" elements="16" coveredelements="16"/>
        </class>
        <line num="18" type="method" name="getCreatedAt" visibility="public" complexity="1" crap="1" count="3"/>
        <line num="20" type="stmt" count="3"/>
        <line num="23" type="method" name="setCreatedAt" visibility="public" complexity="1" crap="1" count="64"/>
        <line num="25" type="stmt" count="64"/>
        <line num="27" type="stmt" count="64"/>
        <line num="30" type="method" name="getUpdatedAt" visibility="public" complexity="1" crap="1" count="3"/>
        <line num="32" type="stmt" count="3"/>
        <line num="35" type="method" name="setUpdatedAt" visibility="public" complexity="1" crap="1" count="55"/>
        <line num="37" type="stmt" count="55"/>
        <line num="39" type="stmt" count="55"/>
        <line num="42" type="method" name="createdTimestamps" visibility="public" complexity="1" crap="1" count="23"/>
        <line num="45" type="stmt" count="23"/>
        <line num="46" type="stmt" count="23"/>
        <line num="49" type="method" name="updatedTimestamps" visibility="public" complexity="1" crap="1" count="14"/>
        <line num="52" type="stmt" count="14"/>
        <line num="53" type="stmt" count="14"/>
        <metrics loc="56" ncloc="56" classes="1" methods="6" coveredmethods="6" conditionals="0" coveredconditionals="0" statements="10" coveredstatements="10" elements="16" coveredelements="16"/>
      </file>
    </package>
    <package name="App\Enum">
      <file name="/Users/papoel/Documents/sandbox/side_project/GuideNouvelArrivant/src/Enum/JobEnum.php">
        <class name="App\Enum\JobEnum" namespace="App\Enum">
          <metrics complexity="6" methods="1" coveredmethods="1" conditionals="0" coveredconditionals="0" statements="7" coveredstatements="7" elements="8" coveredelements="8"/>
        </class>
        <line num="15" type="method" name="getAbbreviation" visibility="public" complexity="6" crap="6" count="1"/>
        <line num="17" type="stmt" count="1"/>
        <line num="18" type="stmt" count="1"/>
        <line num="19" type="stmt" count="1"/>
        <line num="20" type="stmt" count="1"/>
        <line num="21" type="stmt" count="1"/>
        <line num="22" type="stmt" count="1"/>
        <line num="23" type="stmt" count="1"/>
        <metrics loc="26" ncloc="26" classes="1" methods="1" coveredmethods="1" conditionals="0" coveredconditionals="0" statements="7" coveredstatements="7" elements="8" coveredelements="8"/>
      </file>
      <file name="/Users/papoel/Documents/sandbox/side_project/GuideNouvelArrivant/src/Enum/SpecialityEnum.php">
        <class name="App\Enum\SpecialityEnum" namespace="App\Enum">
          <metrics complexity="7" methods="1" coveredmethods="1" conditionals="0" coveredconditionals="0" statements="8" coveredstatements="8" elements="9" coveredelements="9"/>
        </class>
        <line num="16" type="method" name="getAbbreviation" visibility="public" complexity="7" crap="7" count="14"/>
        <line num="18" type="stmt" count="14"/>
        <line num="19" type="stmt" count="14"/>
        <line num="20" type="stmt" count="1"/>
        <line num="21" type="stmt" count="1"/>
        <line num="22" type="stmt" count="1"/>
        <line num="23" type="stmt" count="1"/>
        <line num="24" type="stmt" count="14"/>
        <line num="25" type="stmt" count="14"/>
        <metrics loc="28" ncloc="28" classes="1" methods="1" coveredmethods="1" conditionals="0" coveredconditionals="0" statements="8" coveredstatements="8" elements="9" coveredelements="9"/>
      </file>
    </package>
    <package name="App\EventSubscriber">
      <file name="/Users/papoel/Documents/sandbox/side_project/GuideNouvelArrivant/src/EventSubscriber/AddRoleMentorWhenMentorIsDefine.php">
        <class name="App\EventSubscriber\AddRoleMentorWhenMentorIsDefine" namespace="App\EventSubscriber">
          <metrics complexity="9" methods="5" coveredmethods="5" conditionals="0" coveredconditionals="0" statements="24" coveredstatements="24" elements="29" coveredelements="29"/>
        </class>
        <line num="14" type="method" name="__construct" visibility="public" complexity="1" crap="1" count="5"/>
        <line num="17" type="stmt" count="5"/>
        <line num="19" type="method" name="getSubscribedEvents" visibility="public" complexity="1" crap="1" count="1"/>
        <line num="21" type="stmt" count="1"/>
        <line num="22" type="stmt" count="1"/>
        <line num="23" type="stmt" count="1"/>
        <line num="26" type="method" name="onBeforeEntityUpdated" visibility="public" complexity="5" crap="5" count="4"/>
        <line num="28" type="stmt" count="4"/>
        <line num="30" type="stmt" count="4"/>
        <line num="31" type="stmt" count="1"/>
        <line num="34" type="stmt" count="3"/>
        <line num="35" type="stmt" count="3"/>
        <line num="38" type="stmt" count="3"/>
        <line num="41" type="stmt" count="3"/>
        <line num="42" type="stmt" count="2"/>
        <line num="46" type="stmt" count="3"/>
        <line num="47" type="stmt" count="2"/>
        <line num="51" type="method" name="addRoleMentor" visibility="private" complexity="1" crap="1" count="2"/>
        <line num="53" type="stmt" count="2"/>
        <line num="54" type="stmt" count="2"/>
        <line num="55" type="stmt" count="2"/>
        <line num="56" type="stmt" count="2"/>
        <line num="57" type="stmt" count="2"/>
        <line num="60" type="method" name="removeRoleMentor" visibility="private" complexity="1" crap="1" count="2"/>
        <line num="62" type="stmt" count="2"/>
        <line num="63" type="stmt" count="2"/>
        <line num="64" type="stmt" count="2"/>
        <line num="65" type="stmt" count="2"/>
        <line num="66" type="stmt" count="2"/>
        <metrics loc="69" ncloc="66" classes="1" methods="5" coveredmethods="5" conditionals="0" coveredconditionals="0" statements="24" coveredstatements="24" elements="29" coveredelements="29"/>
      </file>
      <file name="/Users/papoel/Documents/sandbox/side_project/GuideNouvelArrivant/src/EventSubscriber/LogbookCreationSubscriber.php">
        <class name="App\EventSubscriber\LogbookCreationSubscriber" namespace="App\EventSubscriber">
          <metrics complexity="6" methods="3" coveredmethods="3" conditionals="0" coveredconditionals="0" statements="16" coveredstatements="16" elements="19" coveredelements="19"/>
        </class>
        <line num="16" type="method" name="__construct" visibility="public" complexity="1" crap="1" count="4"/>
        <line num="21" type="stmt" count="4"/>
        <line num="23" type="method" name="getSubscribedEvents" visibility="public" complexity="1" crap="1" count="1"/>
        <line num="25" type="stmt" count="1"/>
        <line num="26" type="stmt" count="1"/>
        <line num="27" type="stmt" count="1"/>
        <line num="30" type="method" name="checkExistingLogbook" visibility="public" complexity="4" crap="4" count="3"/>
        <line num="32" type="stmt" count="3"/>
        <line num="34" type="stmt" count="3"/>
        <line num="35" type="stmt" count="1"/>
        <line num="39" type="stmt" count="2"/>
        <line num="40" type="stmt" count="2"/>
        <line num="41" type="stmt" count="2"/>
        <line num="42" type="stmt" count="2"/>
        <line num="45" type="stmt" count="2"/>
        <line num="46" type="stmt" count="2"/>
        <line num="48" type="stmt" count="1"/>
        <line num="51" type="stmt" count="1"/>
        <line num="55" type="stmt" count="1"/>
        <metrics loc="60" ncloc="54" classes="1" methods="3" coveredmethods="3" conditionals="0" coveredconditionals="0" statements="16" coveredstatements="16" elements="19" coveredelements="19"/>
      </file>
      <file name="/Users/papoel/Documents/sandbox/side_project/GuideNouvelArrivant/src/EventSubscriber/LogbookNameSubscriber.php">
        <class name="App\EventSubscriber\LogbookNameSubscriber" namespace="App\EventSubscriber">
          <metrics complexity="10" methods="5" coveredmethods="5" conditionals="0" coveredconditionals="0" statements="24" coveredstatements="24" elements="29" coveredelements="29"/>
        </class>
        <line num="15" type="method" name="__construct" visibility="public" complexity="1" crap="1" count="6"/>
        <line num="18" type="stmt" count="6"/>
        <line num="23" type="method" name="getSubscribedEvents" visibility="public" complexity="1" crap="1" count="1"/>
        <line num="25" type="stmt" count="1"/>
        <line num="26" type="stmt" count="1"/>
        <line num="27" type="stmt" count="1"/>
        <line num="28" type="stmt" count="1"/>
        <line num="31" type="method" name="nameLogbookWithUserFullname" visibility="public" complexity="2" crap="2" count="2"/>
        <line num="33" type="stmt" count="2"/>
        <line num="35" type="stmt" count="2"/>
        <line num="36" type="stmt" count="1"/>
        <line num="39" type="stmt" count="1"/>
        <line num="42" type="method" name="setName" visibility="private" complexity="2" crap="2" count="1"/>
        <line num="44" type="stmt" count="1"/>
        <line num="46" type="stmt" count="1"/>
        <line num="47" type="stmt" count="1"/>
        <line num="49" type="stmt" count="1"/>
        <line num="50" type="stmt" count="1"/>
        <line num="54" type="method" name="updateLogbookName" visibility="public" complexity="4" crap="4" count="3"/>
        <line num="56" type="stmt" count="3"/>
        <line num="58" type="stmt" count="3"/>
        <line num="59" type="stmt" count="1"/>
        <line num="62" type="stmt" count="2"/>
        <line num="64" type="stmt" count="2"/>
        <line num="65" type="stmt" count="2"/>
        <line num="67" type="stmt" count="2"/>
        <line num="68" type="stmt" count="1"/>
[...]
        <line num="157" type="stmt" count="0"/>
        <line num="158" type="stmt" count="0"/>
        <line num="163" type="stmt" count="0"/>
        <line num="164" type="stmt" count="0"/>
        <line num="165" type="stmt" count="0"/>
        <line num="166" type="stmt" count="0"/>
        <line num="167" type="stmt" count="0"/>
        <line num="168" type="stmt" count="0"/>
        <line num="169" type="stmt" count="0"/>
        <line num="170" type="stmt" count="0"/>
        <line num="171" type="stmt" count="0"/>
        <line num="176" type="stmt" count="0"/>
        <line num="177" type="stmt" count="0"/>
        <line num="178" type="stmt" count="0"/>
        <line num="179" type="stmt" count="0"/>
        <line num="180" type="stmt" count="0"/>
        <line num="181" type="stmt" count="0"/>
        <line num="188" type="stmt" count="0"/>
        <line num="189" type="stmt" count="0"/>
        <line num="190" type="stmt" count="0"/>
        <line num="191" type="stmt" count="0"/>
        <line num="192" type="stmt" count="0"/>
        <line num="193" type="stmt" count="0"/>
        <line num="196" type="stmt" count="0"/>
        <line num="197" type="stmt" count="0"/>
        <line num="198" type="stmt" count="0"/>
        <line num="199" type="stmt" count="0"/>
        <line num="200" type="stmt" count="0"/>
        <line num="203" type="stmt" count="0"/>
        <line num="204" type="stmt" count="0"/>
        <line num="205" type="stmt" count="0"/>
        <line num="206" type="stmt" count="0"/>
        <line num="207" type="stmt" count="0"/>
        <line num="210" type="stmt" count="0"/>
        <line num="211" type="stmt" count="0"/>
        <line num="212" type="stmt" count="0"/>
        <line num="213" type="stmt" count="0"/>
        <line num="214" type="stmt" count="0"/>
        <line num="217" type="stmt" count="0"/>
        <line num="218" type="stmt" count="0"/>
        <line num="219" type="stmt" count="0"/>
        <line num="220" type="stmt" count="0"/>
        <line num="221" type="stmt" count="0"/>
        <line num="223" type="stmt" count="0"/>
        <line num="224" type="stmt" count="0"/>
        <line num="225" type="stmt" count="0"/>
        <line num="226" type="stmt" count="0"/>
        <line num="227" type="stmt" count="0"/>
        <line num="228" type="stmt" count="0"/>
        <line num="231" type="stmt" count="0"/>
        <metrics loc="234" ncloc="225" classes="1" methods="3" coveredmethods="0" conditionals="0" coveredconditionals="0" statements="140" coveredstatements="0" elements="143" coveredelements="0"/>
      </file>
    </package>
    <package name="App\Services\Logbook">
      <file name="/Users/papoel/Documents/sandbox/side_project/GuideNouvelArrivant/src/Services/Logbook/LogbookProgressService.php">
        <class name="App\Services\Logbook\LogbookProgressService" namespace="App\Services\Logbook">
          <metrics complexity="16" methods="2" coveredmethods="2" conditionals="0" coveredconditionals="0" statements="41" coveredstatements="41" elements="43" coveredelements="43"/>
        </class>
        <line num="26" type="method" name="calculateLogbookProgress" visibility="public" complexity="13" crap="13" count="19"/>
        <line num="28" type="stmt" count="19"/>
        <line num="29" type="stmt" count="19"/>
        <line num="30" type="stmt" count="19"/>
        <line num="32" type="stmt" count="19"/>
        <line num="33" type="stmt" count="19"/>
        <line num="34" type="stmt" count="18"/>
        <line num="35" type="stmt" count="18"/>
        <line num="36" type="stmt" count="18"/>
        <line num="37" type="stmt" count="17"/>
        <line num="38" type="stmt" count="17"/>
        <line num="39" type="stmt" count="7"/>
        <line num="40" type="stmt" count="5"/>
        <line num="42" type="stmt" count="7"/>
        <line num="43" type="stmt" count="4"/>
        <line num="50" type="stmt" count="19"/>
        <line num="51" type="stmt" count="19"/>
        <line num="54" type="stmt" count="19"/>
        <line num="55" type="stmt" count="19"/>
        <line num="56" type="stmt" count="3"/>
        <line num="57" type="stmt" count="16"/>
        <line num="58" type="stmt" count="2"/>
        <line num="61" type="stmt" count="19"/>
        <line num="62" type="stmt" count="19"/>
        <line num="63" type="stmt" count="2"/>
        <line num="64" type="stmt" count="17"/>
        <line num="65" type="stmt" count="1"/>
        <line num="68" type="stmt" count="19"/>
        <line num="69" type="stmt" count="19"/>
        <line num="70" type="stmt" count="19"/>
        <line num="71" type="stmt" count="19"/>
        <line num="72" type="stmt" count="19"/>
        <line num="73" type="stmt" count="19"/>
        <line num="74" type="stmt" count="19"/>
        <line num="75" type="stmt" count="19"/>
        <line num="76" type="stmt" count="19"/>
        <line num="77" type="stmt" count="19"/>
        <line num="78" type="stmt" count="19"/>
        <line num="81" type="method" name="findActionForModule" visibility="private" complexity="3" crap="3" count="17"/>
        <line num="83" type="stmt" count="17"/>
        <line num="84" type="stmt" count="7"/>
        <line num="85" type="stmt" count="7"/>
        <line num="89" type="stmt" count="10"/>
        <metrics loc="92" ncloc="79" classes="1" methods="2" coveredmethods="2" conditionals="0" coveredconditionals="0" statements="41" coveredstatements="41" elements="43" coveredelements="43"/>
      </file>
      <file name="/Users/papoel/Documents/sandbox/side_project/GuideNouvelArrivant/src/Services/Logbook/LogbookReplacementService.php">
        <class name="App\Services\Logbook\LogbookReplacementService" namespace="App\Services\Logbook">
          <metrics complexity="5" methods="3" coveredmethods="3" conditionals="0" coveredconditionals="0" statements="11" coveredstatements="11" elements="14" coveredelements="14"/>
        </class>
        <line num="12" type="method" name="__construct" visibility="public" complexity="1" crap="1" count="4"/>
        <line num="15" type="stmt" count="4"/>
        <line num="17" type="method" name="handleExistingLogbook" visibility="public" complexity="1" crap="1" count="2"/>
        <line num="19" type="stmt" count="2"/>
        <line num="20" type="stmt" count="2"/>
        <line num="22" type="stmt" count="2"/>
        <line num="25" type="method" name="deleteExistingLogbook" visibility="public" complexity="3" crap="3" count="2"/>
        <line num="27" type="stmt" count="2"/>
        <line num="28" type="stmt" count="2"/>
        <line num="30" type="stmt" count="2"/>
        <line num="31" type="stmt" count="1"/>
        <line num="32" type="stmt" count="1"/>
        <line num="35" type="stmt" count="1"/>
        <line num="36" type="stmt" count="1"/>
        <metrics loc="40" ncloc="40" classes="1" methods="3" coveredmethods="3" conditionals="0" coveredconditionals="0" statements="11" coveredstatements="11" elements="14" coveredelements="14"/>
      </file>
    </package>
    <package name="App\Services\Mail">
      <file name="/Users/papoel/Documents/sandbox/side_project/GuideNouvelArrivant/src/Services/Mail/MailerService.php">
        <class name="App\Services\Mail\MailerService" namespace="App\Services\Mail">
          <metrics complexity="3" methods="2" coveredmethods="1" conditionals="0" coveredconditionals="0" statements="10" coveredstatements="8" elements="12" coveredelements="9"/>
        </class>
        <line num="13" type="method" name="__construct" visibility="public" complexity="1" crap="1" count="5"/>
        <line num="16" type="stmt" count="5"/>
        <line num="21" type="method" name="sendEmail" visibility="public" complexity="2" crap="2.04" count="1"/>
        <line num="28" type="stmt" count="1"/>
        <line num="29" type="stmt" count="1"/>
        <line num="30" type="stmt" count="1"/>
        <line num="31" type="stmt" count="1"/>
        <line num="32" type="stmt" count="1"/>
        <line num="33" type="stmt" count="1"/>
        <line num="36" type="stmt" count="1"/>
        <line num="37" type="stmt" count="0"/>
        <line num="38" type="stmt" count="0"/>
        <metrics loc="42" ncloc="39" classes="1" methods="2" coveredmethods="1" conditionals="0" coveredconditionals="0" statements="10" coveredstatements="8" elements="12" coveredelements="9"/>
      </file>
    </package>
    <package name="App\Services\Mentor">
      <file name="/Users/papoel/Documents/sandbox/side_project/GuideNouvelArrivant/src/Services/Mentor/MentorService.php">
        <class name="App\Services\Mentor\MentorService" namespace="App\Services\Mentor">
          <metrics complexity="16" methods="5" coveredmethods="4" conditionals="0" coveredconditionals="0" statements="42" coveredstatements="41" elements="47" coveredelements="45"/>
        </class>
        <line num="17" type="method" name="__construct" visibility="public" complexity="1" crap="1" count="14"/>
        <line num="22" type="stmt" count="14"/>
        <line num="27" type="method" name="getApprenantLogbooks" visibility="public" complexity="1" crap="1" count="2"/>
        <line num="29" type="stmt" count="2"/>
        <line num="32" type="method" name="isLogbookAccessibleByMentor" visibility="public" complexity="4" crap="4.05" count="4"/>
        <line num="35" type="stmt" count="4"/>
        <line num="38" type="stmt" count="4"/>
        <line num="39" type="stmt" count="1"/>
        <line num="43" type="stmt" count="3"/>
        <line num="44" type="stmt" count="3"/>
        <line num="46" type="stmt" count="3"/>
        <line num="51" type="stmt" count="0"/>
        <line num="61" type="method" name="getPadawanData" visibility="public" complexity="7" crap="7" count="5"/>
        <line num="64" type="stmt" count="5"/>
        <line num="65" type="stmt" count="5"/>
        <line num="66" type="stmt" count="1"/>
        <line num="70" type="stmt" count="4"/>
        <line num="71" type="stmt" count="1"/>
        <line num="75" type="stmt" count="3"/>
        <line num="78" type="stmt" count="3"/>
        <line num="79" type="stmt" count="3"/>
        <line num="80" type="stmt" count="3"/>
        <line num="81" type="stmt" count="3"/>
        <line num="82" type="stmt" count="2"/>
        <line num="84" type="stmt" count="3"/>
        <line num="85" type="stmt" count="3"/>
        <line num="86" type="stmt" count="1"/>
        <line num="88" type="stmt" count="2"/>
        <line num="89" type="stmt" count="2"/>
        <line num="93" type="stmt" count="3"/>
        <line num="95" type="stmt" count="3"/>
        <line num="96" type="stmt" count="3"/>
        <line num="97" type="stmt" count="3"/>
        <line num="98" type="stmt" count="3"/>
        <line num="99" type="stmt" count="3"/>
        <line num="102" type="method" name="deleteComment" visibility="public" complexity="3" crap="3" count="3"/>
        <line num="105" type="stmt" count="3"/>
        <line num="108" type="stmt" count="3"/>
        <line num="109" type="stmt" count="1"/>
        <line num="113" type="stmt" count="2"/>
        <line num="116" type="stmt" count="2"/>
        <line num="119" type="stmt" count="2"/>
        <line num="120" type="stmt" count="1"/>
        <line num="124" type="stmt" count="1"/>
        <line num="125" type="stmt" count="1"/>
        <line num="127" type="stmt" count="1"/>
        <line num="128" type="stmt" count="1"/>
        <metrics loc="131" ncloc="103" classes="1" methods="5" coveredmethods="4" conditionals="0" coveredconditionals="0" statements="42" coveredstatements="41" elements="47" coveredelements="45"/>
      </file>
    </package>
    <package name="App\Services\User">
      <file name="/Users/papoel/Documents/sandbox/side_project/GuideNouvelArrivant/src/Services/User/UserSeniorityService.php">
        <class name="App\Services\User\UserSeniorityService" namespace="App\Services\User">
          <metrics complexity="12" methods="1" coveredmethods="1" conditionals="0" coveredconditionals="0" statements="15" coveredstatements="15" elements="16" coveredelements="16"/>
        </class>
        <line num="9" type="method" name="getSeniority" visibility="public" complexity="12" crap="12" count="19"/>
        <line num="11" type="stmt" count="19"/>
        <line num="14" type="stmt" count="19"/>
        <line num="15" type="stmt" count="1"/>
        <line num="18" type="stmt" count="19"/>
        <line num="20" type="stmt" count="19"/>
        <line num="21" type="stmt" count="19"/>
        <line num="22" type="stmt" count="19"/>
        <line num="24" type="stmt" count="19"/>
        <line num="27" type="stmt" count="19"/>
        <line num="28" type="stmt" count="16"/>
        <line num="32" type="stmt" count="19"/>
        <line num="33" type="stmt" count="17"/>
        <line num="37" type="stmt" count="19"/>
        <line num="38" type="stmt" count="16"/>
        <line num="42" type="stmt" count="19"/>
        <metrics loc="45" ncloc="40" classes="1" methods="1" coveredmethods="1" conditionals="0" coveredconditionals="0" statements="15" coveredstatements="15" elements="16" coveredelements="16"/>
      </file>
      <file name="/Users/papoel/Documents/sandbox/side_project/GuideNouvelArrivant/src/Services/User/UserValidationService.php">
        <class name="App\Services\User\UserValidationService" namespace="App\Services\User">
          <metrics complexity="6" methods="3" coveredmethods="3" conditionals="0" coveredconditionals="0" statements="11" coveredstatements="11" elements="14" coveredelements="14"/>
        </class>
        <line num="20" type="method" name="__construct" visibility="public" complexity="1" crap="1" count="17"/>
        <line num="24" type="stmt" count="17"/>
        <line num="26" type="method" name="validateUserAccess" visibility="public" complexity="2" crap="2" count="14"/>
        <line num="29" type="stmt" count="14"/>
        <line num="31" type="stmt" count="14"/>
        <line num="33" type="stmt" count="1"/>
        <line num="36" type="stmt" count="13"/>
        <line num="39" type="method" name="getCurrentUser" visibility="public" complexity="3" crap="3" count="3"/>
        <line num="42" type="stmt" count="3"/>
        <line num="44" type="stmt" count="3"/>
        <line num="45" type="stmt" count="1"/>
        <line num="49" type="stmt" count="2"/>
        <line num="51" type="stmt" count="1"/>
        <line num="54" type="stmt" count="1"/>
        <metrics loc="57" ncloc="47" classes="1" methods="3" coveredmethods="3" conditionals="0" coveredconditionals="0" statements="11" coveredstatements="11" elements="14" coveredelements="14"/>
      </file>
    </package>
    <package name="App\Twig">
      <file name="/Users/papoel/Documents/sandbox/side_project/GuideNouvelArrivant/src/Twig/AppExtension.php">
        <class name="App\Twig\AppExtension" namespace="App\Twig">
          <metrics complexity="2" methods="2" coveredmethods="0" conditionals="0" coveredconditionals="0" statements="11" coveredstatements="0" elements="13" coveredelements="0"/>
        </class>
        <line num="10" type="method" name="getFilters" visibility="public" complexity="1" crap="2" count="0"/>
        <line num="12" type="stmt" count="0"/>
        <line num="13" type="stmt" count="0"/>
        <line num="14" type="stmt" count="0"/>
        <line num="17" type="method" name="getProgressColor" visibility="public" complexity="1" crap="2" count="0"/>
        <line num="19" type="stmt" count="0"/>
        <line num="20" type="stmt" count="0"/>
        <line num="21" type="stmt" count="0"/>
        <line num="22" type="stmt" count="0"/>
        <line num="23" type="stmt" count="0"/>
        <line num="24" type="stmt" count="0"/>
        <line num="25" type="stmt" count="0"/>
        <line num="27" type="stmt" count="0"/>
        <metrics loc="30" ncloc="30" classes="1" methods="2" coveredmethods="0" conditionals="0" coveredconditionals="0" statements="11" coveredstatements="0" elements="13" coveredelements="0"/>
      </file>
      <file name="/Users/papoel/Documents/sandbox/side_project/GuideNouvelArrivant/src/Twig/LogbooksProgressExtension.php">
        <class name="App\Twig\LogbooksProgressExtension" namespace="App\Twig">
          <metrics complexity="4" methods="3" coveredmethods="2" conditionals="0" coveredconditionals="0" statements="8" coveredstatements="5" elements="11" coveredelements="7"/>
        </class>
        <line num="14" type="method" name="__construct" visibility="public" complexity="1" crap="1" count="40"/>
        <line num="17" type="stmt" count="40"/>
        <line num="19" type="method" name="getFunctions" visibility="public" complexity="1" crap="2" count="0"/>
        <line num="21" type="stmt" count="0"/>
        <line num="22" type="stmt" count="0"/>
        <line num="23" type="stmt" count="0"/>
        <line num="40" type="method" name="getLogbooksProgress" visibility="public" complexity="2" crap="2" count="9"/>
        <line num="42" type="stmt" count="9"/>
        <line num="43" type="stmt" count="9"/>
        <line num="44" type="stmt" count="9"/>
        <line num="47" type="stmt" count="9"/>
        <metrics loc="50" ncloc="36" classes="1" methods="3" coveredmethods="2" conditionals="0" coveredconditionals="0" statements="8" coveredstatements="5" elements="11" coveredelements="7"/>
      </file>
    </package>
    <package name="App\Twig\Components">
      <file name="/Users/papoel/Documents/sandbox/side_project/GuideNouvelArrivant/src/Twig/Components/ActionForm.php">
        <class name="App\Twig\Components\ActionForm" namespace="App\Twig\Components">
          <metrics complexity="10" methods="3" coveredmethods="0" conditionals="0" coveredconditionals="0" statements="28" coveredstatements="0" elements="31" coveredelements="0"/>
        </class>
        <line num="38" type="method" name="__construct" visibility="public" complexity="1" crap="2" count="0"/>
        <line num="41" type="stmt" count="0"/>
        <line num="43" type="method" name="instantiateForm" visibility="protected" complexity="4" crap="20" count="0"/>
        <line num="45" type="stmt" count="0"/>
        <line num="47" type="stmt" count="0"/>
        <line num="49" type="stmt" count="0"/>
        <line num="50" type="stmt" count="0"/>
        <line num="51" type="stmt" count="0"/>
        <line num="54" type="stmt" count="0"/>
        <line num="55" type="stmt" count="0"/>
        <line num="58" type="stmt" count="0"/>
        <line num="59" type="stmt" count="0"/>
        <line num="60" type="stmt" count="0"/>
        <line num="61" type="stmt" count="0"/>
        <line num="64" type="method" name="save" visibility="public" complexity="5" crap="30" count="0"/>
        <line num="68" type="stmt" count="0"/>
        <line num="71" type="stmt" count="0"/>
        <line num="74" type="stmt" count="0"/>
        <line num="75" type="stmt" count="0"/>
        <line num="79" type="stmt" count="0"/>
        <line num="81" type="stmt" count="0"/>
        <line num="82" type="stmt" count="0"/>
        <line num="86" type="stmt" count="0"/>
        <line num="87" type="stmt" count="0"/>
        <line num="90" type="stmt" count="0"/>
        <line num="91" type="stmt" count="0"/>
        <line num="94" type="stmt" count="0"/>
        <line num="95" type="stmt" count="0"/>
        <line num="97" type="stmt" count="0"/>
        <line num="98" type="stmt" count="0"/>
        <line num="99" type="stmt" count="0"/>
        <metrics loc="102" ncloc="95" classes="1" methods="3" coveredmethods="0" conditionals="0" coveredconditionals="0" statements="28" coveredstatements="0" elements="31" coveredelements="0"/>
      </file>
    </package>
    <metrics files="55" loc="5001" ncloc="4471" classes="55" methods="261" coveredmethods="201" conditionals="0" coveredconditionals="0" statements="1658" coveredstatements="942" elements="1919" coveredelements="1143"/>
  </project>
</coverage>
